{"/Users/henry/Desktop/adsf/frontend/src/index.js": {"path":"/Users/henry/Desktop/adsf/frontend/src/index.js","statementMap":{"0":{"start":{"line":1,"column":58},"end":{"line":1,"column":107}},"1":{"start":{"line":19,"column":229},"end":{"line":19,"column":283}},"2":{"start":{"line":19,"column":284},"end":{"line":19,"column":352}}},"fnMap":{"0":{"name":"_interopRequireDefault","decl":{"start":{"line":19,"column":200},"end":{"line":19,"column":222}},"loc":{"start":{"line":19,"column":228},"end":{"line":19,"column":284}}}},"branchMap":{"0":{"loc":{"start":{"line":19,"column":236},"end":{"line":19,"column":282}},"type":"cond-expr","locations":[{"start":{"line":19,"column":260},"end":{"line":19,"column":263}},{"start":{"line":19,"column":266},"end":{"line":19,"column":282}}]},"1":{"loc":{"start":{"line":19,"column":236},"end":{"line":19,"column":257}},"type":"binary-expr","locations":[{"start":{"line":19,"column":236},"end":{"line":19,"column":239}},{"start":{"line":19,"column":243},"end":{"line":19,"column":257}}]}},"s":{"0":0,"1":0,"2":0},"f":{"0":0},"b":{"0":[0,0],"1":[0,0]}}
,"/Users/henry/Desktop/adsf/frontend/src/components/App.js": {"path":"/Users/henry/Desktop/adsf/frontend/src/components/App.js","statementMap":{"0":{"start":{"line":1,"column":39},"end":{"line":1,"column":101}},"1":{"start":{"line":1,"column":120},"end":{"line":1,"column":178}},"2":{"start":{"line":12,"column":388},"end":{"line":12,"column":442}},"3":{"start":{"line":24,"column":4},"end":{"line":26,"column":5}},"4":{"start":{"line":25,"column":6},"end":{"line":25,"column":34}},"5":{"start":{"line":30,"column":4},"end":{"line":50,"column":135}},"6":{"start":{"line":50,"column":34},"end":{"line":50,"column":60}},"7":{"start":{"line":59,"column":24},"end":{"line":62,"column":29}},"8":{"start":{"line":59,"column":34},"end":{"line":62,"column":28}},"9":{"start":{"line":64,"column":27},"end":{"line":67,"column":100}},"10":{"start":{"line":64,"column":40},"end":{"line":67,"column":99}},"11":{"start":{"line":65,"column":24},"end":{"line":65,"column":62}},"12":{"start":{"line":66,"column":28},"end":{"line":66,"column":70}},"13":{"start":{"line":67,"column":23},"end":{"line":67,"column":97}}},"fnMap":{"0":{"name":"_interopRequireDefault","decl":{"start":{"line":12,"column":359},"end":{"line":12,"column":381}},"loc":{"start":{"line":12,"column":387},"end":{"line":12,"column":443}}},"1":{"name":"(anonymous_1)","decl":{"start":{"line":22,"column":2},"end":{"line":22,"column":3}},"loc":{"start":{"line":22,"column":22},"end":{"line":27,"column":3}}},"2":{"name":"(anonymous_2)","decl":{"start":{"line":29,"column":2},"end":{"line":29,"column":3}},"loc":{"start":{"line":29,"column":11},"end":{"line":56,"column":3}}},"3":{"name":"(anonymous_3)","decl":{"start":{"line":50,"column":28},"end":{"line":50,"column":29}},"loc":{"start":{"line":50,"column":34},"end":{"line":50,"column":60}}},"4":{"name":"(anonymous_4)","decl":{"start":{"line":59,"column":24},"end":{"line":59,"column":25}},"loc":{"start":{"line":59,"column":34},"end":{"line":62,"column":28}}},"5":{"name":"(anonymous_5)","decl":{"start":{"line":64,"column":27},"end":{"line":64,"column":28}},"loc":{"start":{"line":64,"column":40},"end":{"line":67,"column":99}}},"6":{"name":"(anonymous_6)","decl":{"start":{"line":65,"column":18},"end":{"line":65,"column":19}},"loc":{"start":{"line":65,"column":24},"end":{"line":65,"column":62}}},"7":{"name":"(anonymous_7)","decl":{"start":{"line":66,"column":22},"end":{"line":66,"column":23}},"loc":{"start":{"line":66,"column":28},"end":{"line":66,"column":70}}},"8":{"name":"(anonymous_8)","decl":{"start":{"line":67,"column":17},"end":{"line":67,"column":18}},"loc":{"start":{"line":67,"column":23},"end":{"line":67,"column":97}}}},"branchMap":{"0":{"loc":{"start":{"line":12,"column":395},"end":{"line":12,"column":441}},"type":"cond-expr","locations":[{"start":{"line":12,"column":419},"end":{"line":12,"column":422}},{"start":{"line":12,"column":425},"end":{"line":12,"column":441}}]},"1":{"loc":{"start":{"line":12,"column":395},"end":{"line":12,"column":416}},"type":"binary-expr","locations":[{"start":{"line":12,"column":395},"end":{"line":12,"column":398}},{"start":{"line":12,"column":402},"end":{"line":12,"column":416}}]},"2":{"loc":{"start":{"line":24,"column":4},"end":{"line":26,"column":5}},"type":"if","locations":[{"start":{"line":24,"column":4},"end":{"line":26,"column":5}},{"start":{"line":24,"column":4},"end":{"line":26,"column":5}}]},"3":{"loc":{"start":{"line":44,"column":10},"end":{"line":44,"column":253}},"type":"cond-expr","locations":[{"start":{"line":44,"column":249},"end":{"line":44,"column":253}}]}},"s":{"0":0,"1":0,"2":0,"3":0,"4":0,"5":0,"6":0,"7":0,"8":0,"9":0,"10":0,"11":0,"12":0,"13":0},"f":{"0":0,"1":0,"2":0,"3":0,"4":0,"5":0,"6":0,"7":0,"8":0},"b":{"0":[0,0],"1":[0,0],"2":[0,0],"3":[0]}}
,"/Users/henry/Desktop/adsf/frontend/src/components/block/Block.js": {"path":"/Users/henry/Desktop/adsf/frontend/src/components/block/Block.js","statementMap":{"0":{"start":{"line":3,"column":14},"end":{"line":5,"column":1}},"1":{"start":{"line":4,"column":2},"end":{"line":4,"column":42}}},"fnMap":{"0":{"name":"(anonymous_0)","decl":{"start":{"line":3,"column":14},"end":{"line":3,"column":15}},"loc":{"start":{"line":4,"column":2},"end":{"line":4,"column":42}}}},"branchMap":{},"s":{"0":1,"1":1},"f":{"0":1},"b":{},"_coverageSchema":"332fd63041d2c1bcb487cc26dd0d5f7d97098a6c","hash":"d776032b22a239d53a54817af7deb91da46c4482"}
,"/Users/henry/Desktop/adsf/frontend/src/components/calculator/Calculator.js": {"path":"/Users/henry/Desktop/adsf/frontend/src/components/calculator/Calculator.js","statementMap":{"0":{"start":{"line":3,"column":19},"end":{"line":44,"column":1}},"1":{"start":{"line":4,"column":2},"end":{"line":43,"column":3}},"2":{"start":{"line":9,"column":25},"end":{"line":9,"column":88}}},"fnMap":{"0":{"name":"(anonymous_0)","decl":{"start":{"line":3,"column":19},"end":{"line":3,"column":20}},"loc":{"start":{"line":3,"column":28},"end":{"line":44,"column":1}}},"1":{"name":"(anonymous_1)","decl":{"start":{"line":9,"column":19},"end":{"line":9,"column":20}},"loc":{"start":{"line":9,"column":25},"end":{"line":9,"column":88}}}},"branchMap":{},"s":{"0":2,"1":2,"2":0},"f":{"0":2,"1":0},"b":{},"_coverageSchema":"332fd63041d2c1bcb487cc26dd0d5f7d97098a6c","hash":"1a420e626f1eaaa39b1c6d552a8f4fbe96ce4a9a"}
,"/Users/henry/Desktop/adsf/frontend/src/components/cart/Cart.js": {"path":"/Users/henry/Desktop/adsf/frontend/src/components/cart/Cart.js","statementMap":{"0":{"start":{"line":7,"column":24},"end":{"line":11,"column":2}},"1":{"start":{"line":7,"column":34},"end":{"line":11,"column":1}},"2":{"start":{"line":13,"column":27},"end":{"line":15,"column":2}},"3":{"start":{"line":13,"column":40},"end":{"line":15,"column":1}},"4":{"start":{"line":14,"column":24},"end":{"line":14,"column":62}},"5":{"start":{"line":29,"column":4},"end":{"line":29,"column":31}},"6":{"start":{"line":33,"column":4},"end":{"line":35,"column":5}},"7":{"start":{"line":34,"column":6},"end":{"line":34,"column":36}},"8":{"start":{"line":39,"column":17},"end":{"line":46,"column":6}},"9":{"start":{"line":40,"column":6},"end":{"line":45,"column":7}},"10":{"start":{"line":48,"column":4},"end":{"line":63,"column":5}}},"fnMap":{"0":{"name":"(anonymous_0)","decl":{"start":{"line":7,"column":24},"end":{"line":7,"column":25}},"loc":{"start":{"line":7,"column":34},"end":{"line":11,"column":1}}},"1":{"name":"(anonymous_1)","decl":{"start":{"line":13,"column":27},"end":{"line":13,"column":28}},"loc":{"start":{"line":13,"column":40},"end":{"line":15,"column":1}}},"2":{"name":"(anonymous_2)","decl":{"start":{"line":14,"column":18},"end":{"line":14,"column":19}},"loc":{"start":{"line":14,"column":24},"end":{"line":14,"column":62}}},"3":{"name":"(anonymous_3)","decl":{"start":{"line":28,"column":2},"end":{"line":28,"column":3}},"loc":{"start":{"line":28,"column":22},"end":{"line":30,"column":3}}},"4":{"name":"(anonymous_4)","decl":{"start":{"line":32,"column":2},"end":{"line":32,"column":3}},"loc":{"start":{"line":32,"column":33},"end":{"line":36,"column":3}}},"5":{"name":"(anonymous_5)","decl":{"start":{"line":38,"column":2},"end":{"line":38,"column":3}},"loc":{"start":{"line":38,"column":11},"end":{"line":65,"column":3}}},"6":{"name":"(anonymous_6)","decl":{"start":{"line":39,"column":42},"end":{"line":39,"column":43}},"loc":{"start":{"line":39,"column":52},"end":{"line":46,"column":5}}}},"branchMap":{"0":{"loc":{"start":{"line":33,"column":4},"end":{"line":35,"column":5}},"type":"if","locations":[{"start":{"line":33,"column":4},"end":{"line":35,"column":5}},{"start":{"line":33,"column":4},"end":{"line":35,"column":5}}]},"1":{"loc":{"start":{"line":50,"column":9},"end":{"line":60,"column":19}},"type":"cond-expr","locations":[{"start":{"line":51,"column":12},"end":{"line":51,"column":57}},{"start":{"line":52,"column":13},"end":{"line":60,"column":18}}]}},"s":{"0":1,"1":2,"2":1,"3":2,"4":1,"5":2,"6":0,"7":0,"8":4,"9":2,"10":4},"f":{"0":2,"1":2,"2":1,"3":2,"4":0,"5":4,"6":2},"b":{"0":[0,0],"1":[2,2]},"_coverageSchema":"332fd63041d2c1bcb487cc26dd0d5f7d97098a6c","hash":"3cb8a721ba1cc2889b6c3b69bbc3bde48fb5143d"}
,"/Users/henry/Desktop/adsf/frontend/src/components/cart/ProductInTheCart.js": {"path":"/Users/henry/Desktop/adsf/frontend/src/components/cart/ProductInTheCart.js","statementMap":{"0":{"start":{"line":17,"column":4},"end":{"line":17,"column":34}},"1":{"start":{"line":21,"column":4},"end":{"line":21,"column":35}},"2":{"start":{"line":25,"column":4},"end":{"line":25,"column":96}},"3":{"start":{"line":29,"column":4},"end":{"line":29,"column":96}},"4":{"start":{"line":33,"column":4},"end":{"line":33,"column":83}},"5":{"start":{"line":34,"column":4},"end":{"line":34,"column":22}},"6":{"start":{"line":38,"column":20},"end":{"line":51,"column":5}},"7":{"start":{"line":52,"column":50},"end":{"line":52,"column":76}},"8":{"start":{"line":53,"column":4},"end":{"line":103,"column":5}},"9":{"start":{"line":107,"column":24},"end":{"line":109,"column":2}},"10":{"start":{"line":107,"column":34},"end":{"line":109,"column":1}},"11":{"start":{"line":111,"column":27},"end":{"line":116,"column":2}},"12":{"start":{"line":111,"column":40},"end":{"line":116,"column":1}},"13":{"start":{"line":113,"column":49},"end":{"line":113,"column":114}},"14":{"start":{"line":114,"column":49},"end":{"line":114,"column":114}},"15":{"start":{"line":115,"column":36},"end":{"line":115,"column":88}}},"fnMap":{"0":{"name":"(anonymous_0)","decl":{"start":{"line":16,"column":15},"end":{"line":16,"column":16}},"loc":{"start":{"line":16,"column":21},"end":{"line":18,"column":3}}},"1":{"name":"(anonymous_1)","decl":{"start":{"line":20,"column":16},"end":{"line":20,"column":17}},"loc":{"start":{"line":20,"column":22},"end":{"line":22,"column":3}}},"2":{"name":"(anonymous_2)","decl":{"start":{"line":24,"column":22},"end":{"line":24,"column":23}},"loc":{"start":{"line":24,"column":28},"end":{"line":26,"column":3}}},"3":{"name":"(anonymous_3)","decl":{"start":{"line":28,"column":27},"end":{"line":28,"column":28}},"loc":{"start":{"line":28,"column":33},"end":{"line":30,"column":3}}},"4":{"name":"(anonymous_4)","decl":{"start":{"line":32,"column":36},"end":{"line":32,"column":37}},"loc":{"start":{"line":32,"column":42},"end":{"line":35,"column":3}}},"5":{"name":"(anonymous_5)","decl":{"start":{"line":37,"column":2},"end":{"line":37,"column":3}},"loc":{"start":{"line":37,"column":11},"end":{"line":104,"column":3}}},"6":{"name":"(anonymous_6)","decl":{"start":{"line":107,"column":24},"end":{"line":107,"column":25}},"loc":{"start":{"line":107,"column":34},"end":{"line":109,"column":1}}},"7":{"name":"(anonymous_7)","decl":{"start":{"line":111,"column":27},"end":{"line":111,"column":28}},"loc":{"start":{"line":111,"column":40},"end":{"line":116,"column":1}}},"8":{"name":"(anonymous_8)","decl":{"start":{"line":113,"column":38},"end":{"line":113,"column":39}},"loc":{"start":{"line":113,"column":49},"end":{"line":113,"column":114}}},"9":{"name":"(anonymous_9)","decl":{"start":{"line":114,"column":38},"end":{"line":114,"column":39}},"loc":{"start":{"line":114,"column":49},"end":{"line":114,"column":114}}},"10":{"name":"(anonymous_10)","decl":{"start":{"line":115,"column":25},"end":{"line":115,"column":26}},"loc":{"start":{"line":115,"column":36},"end":{"line":115,"column":88}}}},"branchMap":{"0":{"loc":{"start":{"line":70,"column":15},"end":{"line":72,"column":158}},"type":"cond-expr","locations":[{"start":{"line":71,"column":18},"end":{"line":71,"column":22}},{"start":{"line":72,"column":18},"end":{"line":72,"column":158}}]},"1":{"loc":{"start":{"line":75,"column":79},"end":{"line":75,"column":91}},"type":"binary-expr","locations":[{"start":{"line":75,"column":79},"end":{"line":75,"column":85}},{"start":{"line":75,"column":89},"end":{"line":75,"column":91}}]},"2":{"loc":{"start":{"line":90,"column":17},"end":{"line":90,"column":108}},"type":"cond-expr","locations":[{"start":{"line":90,"column":50},"end":{"line":90,"column":84}},{"start":{"line":90,"column":87},"end":{"line":90,"column":108}}]},"3":{"loc":{"start":{"line":96,"column":11},"end":{"line":98,"column":72}},"type":"cond-expr","locations":[{"start":{"line":97,"column":14},"end":{"line":97,"column":106}},{"start":{"line":98,"column":14},"end":{"line":98,"column":72}}]}},"s":{"0":1,"1":0,"2":1,"3":1,"4":0,"5":0,"6":5,"7":5,"8":5,"9":2,"10":1,"11":2,"12":1,"13":0,"14":0,"15":0},"f":{"0":1,"1":0,"2":1,"3":1,"4":0,"5":5,"6":1,"7":1,"8":0,"9":0,"10":0},"b":{"0":[1,4],"1":[5,0],"2":[5,0],"3":[5,0]},"_coverageSchema":"332fd63041d2c1bcb487cc26dd0d5f7d97098a6c","hash":"79a9eb76215443625716db7613270bf9923701ae"}
,"/Users/henry/Desktop/adsf/frontend/src/components/category/CategoryForm.js": {"path":"/Users/henry/Desktop/adsf/frontend/src/components/category/CategoryForm.js","statementMap":{"0":{"start":{"line":1,"column":39},"end":{"line":1,"column":101}},"1":{"start":{"line":1,"column":120},"end":{"line":1,"column":196}},"2":{"start":{"line":1,"column":363},"end":{"line":1,"column":417}},"3":{"start":{"line":7,"column":4},"end":{"line":44,"column":389}}},"fnMap":{"0":{"name":"_interopRequireDefault","decl":{"start":{"line":1,"column":334},"end":{"line":1,"column":356}},"loc":{"start":{"line":1,"column":362},"end":{"line":1,"column":418}}},"1":{"name":"(anonymous_1)","decl":{"start":{"line":5,"column":2},"end":{"line":5,"column":3}},"loc":{"start":{"line":5,"column":11},"end":{"line":52,"column":3}}}},"branchMap":{"0":{"loc":{"start":{"line":1,"column":370},"end":{"line":1,"column":416}},"type":"cond-expr","locations":[{"start":{"line":1,"column":394},"end":{"line":1,"column":397}},{"start":{"line":1,"column":400},"end":{"line":1,"column":416}}]},"1":{"loc":{"start":{"line":1,"column":370},"end":{"line":1,"column":391}},"type":"binary-expr","locations":[{"start":{"line":1,"column":370},"end":{"line":1,"column":373}},{"start":{"line":1,"column":377},"end":{"line":1,"column":391}}]}},"s":{"0":0,"1":0,"2":0,"3":0},"f":{"0":0,"1":0},"b":{"0":[0,0],"1":[0,0]}}
,"/Users/henry/Desktop/adsf/frontend/src/components/category/CategoryPage.js": {"path":"/Users/henry/Desktop/adsf/frontend/src/components/category/CategoryPage.js","statementMap":{"0":{"start":{"line":1,"column":39},"end":{"line":1,"column":101}},"1":{"start":{"line":1,"column":120},"end":{"line":1,"column":196}},"2":{"start":{"line":3,"column":196},"end":{"line":3,"column":250}},"3":{"start":{"line":5,"column":21},"end":{"line":12,"column":1}},"4":{"start":{"line":7,"column":2},"end":{"line":10,"column":7}},"5":{"start":{"line":14,"column":24},"end":{"line":15,"column":21}},"6":{"start":{"line":14,"column":34},"end":{"line":15,"column":20}},"7":{"start":{"line":17,"column":27},"end":{"line":17,"column":43}},"8":{"start":{"line":17,"column":40},"end":{"line":17,"column":42}}},"fnMap":{"0":{"name":"_interopRequireDefault","decl":{"start":{"line":3,"column":167},"end":{"line":3,"column":189}},"loc":{"start":{"line":3,"column":195},"end":{"line":3,"column":251}}},"1":{"name":"(anonymous_1)","decl":{"start":{"line":5,"column":21},"end":{"line":5,"column":22}},"loc":{"start":{"line":5,"column":30},"end":{"line":12,"column":1}}},"2":{"name":"(anonymous_2)","decl":{"start":{"line":14,"column":24},"end":{"line":14,"column":25}},"loc":{"start":{"line":14,"column":34},"end":{"line":15,"column":20}}},"3":{"name":"(anonymous_3)","decl":{"start":{"line":17,"column":27},"end":{"line":17,"column":28}},"loc":{"start":{"line":17,"column":40},"end":{"line":17,"column":42}}}},"branchMap":{"0":{"loc":{"start":{"line":3,"column":203},"end":{"line":3,"column":249}},"type":"cond-expr","locations":[{"start":{"line":3,"column":227},"end":{"line":3,"column":230}},{"start":{"line":3,"column":233},"end":{"line":3,"column":249}}]},"1":{"loc":{"start":{"line":3,"column":203},"end":{"line":3,"column":224}},"type":"binary-expr","locations":[{"start":{"line":3,"column":203},"end":{"line":3,"column":206}},{"start":{"line":3,"column":210},"end":{"line":3,"column":224}}]},"2":{"loc":{"start":{"line":7,"column":9},"end":{"line":10,"column":6}},"type":"cond-expr","locations":[{"start":{"line":10,"column":2},"end":{"line":10,"column":6}}]}},"s":{"0":0,"1":0,"2":0,"3":0,"4":0,"5":0,"6":0,"7":0,"8":0},"f":{"0":0,"1":0,"2":0,"3":0},"b":{"0":[0,0],"1":[0,0],"2":[0]}}
,"/Users/henry/Desktop/adsf/frontend/src/components/comment/Comment.js": {"path":"/Users/henry/Desktop/adsf/frontend/src/components/comment/Comment.js","statementMap":{"0":{"start":{"line":1,"column":39},"end":{"line":1,"column":101}},"1":{"start":{"line":1,"column":120},"end":{"line":1,"column":190}},"2":{"start":{"line":6,"column":267},"end":{"line":6,"column":483}},"3":{"start":{"line":6,"column":295},"end":{"line":6,"column":306}},"4":{"start":{"line":6,"column":327},"end":{"line":6,"column":329}},"5":{"start":{"line":6,"column":330},"end":{"line":6,"column":447}},"6":{"start":{"line":6,"column":348},"end":{"line":6,"column":446}},"7":{"start":{"line":6,"column":370},"end":{"line":6,"column":445}},"8":{"start":{"line":6,"column":422},"end":{"line":6,"column":445}},"9":{"start":{"line":6,"column":447},"end":{"line":6,"column":468}},"10":{"start":{"line":6,"column":468},"end":{"line":6,"column":482}},"11":{"start":{"line":6,"column":522},"end":{"line":6,"column":576}},"12":{"start":{"line":11,"column":4},"end":{"line":11,"column":38}},"13":{"start":{"line":15,"column":21},"end":{"line":23,"column":6}},"14":{"start":{"line":16,"column":6},"end":{"line":22,"column":101}},"15":{"start":{"line":25,"column":4},"end":{"line":35,"column":271}},"16":{"start":{"line":41,"column":24},"end":{"line":43,"column":27}},"17":{"start":{"line":41,"column":34},"end":{"line":43,"column":26}},"18":{"start":{"line":45,"column":27},"end":{"line":46,"column":80}},"19":{"start":{"line":45,"column":40},"end":{"line":46,"column":79}},"20":{"start":{"line":46,"column":30},"end":{"line":46,"column":77}}},"fnMap":{"0":{"name":"_interopRequireWildcard","decl":{"start":{"line":6,"column":237},"end":{"line":6,"column":260}},"loc":{"start":{"line":6,"column":266},"end":{"line":6,"column":484}}},"1":{"name":"_interopRequireDefault","decl":{"start":{"line":6,"column":493},"end":{"line":6,"column":515}},"loc":{"start":{"line":6,"column":521},"end":{"line":6,"column":577}}},"2":{"name":"(anonymous_2)","decl":{"start":{"line":10,"column":2},"end":{"line":10,"column":3}},"loc":{"start":{"line":10,"column":22},"end":{"line":12,"column":3}}},"3":{"name":"(anonymous_3)","decl":{"start":{"line":14,"column":2},"end":{"line":14,"column":3}},"loc":{"start":{"line":14,"column":11},"end":{"line":38,"column":3}}},"4":{"name":"(anonymous_4)","decl":{"start":{"line":15,"column":53},"end":{"line":15,"column":54}},"loc":{"start":{"line":15,"column":58},"end":{"line":23,"column":5}}},"5":{"name":"(anonymous_5)","decl":{"start":{"line":41,"column":24},"end":{"line":41,"column":25}},"loc":{"start":{"line":41,"column":34},"end":{"line":43,"column":26}}},"6":{"name":"(anonymous_6)","decl":{"start":{"line":45,"column":27},"end":{"line":45,"column":28}},"loc":{"start":{"line":45,"column":40},"end":{"line":46,"column":79}}},"7":{"name":"(anonymous_7)","decl":{"start":{"line":46,"column":24},"end":{"line":46,"column":25}},"loc":{"start":{"line":46,"column":30},"end":{"line":46,"column":77}}}},"branchMap":{"0":{"loc":{"start":{"line":6,"column":267},"end":{"line":6,"column":483}},"type":"if","locations":[{"start":{"line":6,"column":267},"end":{"line":6,"column":483}},{"start":{"line":6,"column":267},"end":{"line":6,"column":483}}]},"1":{"loc":{"start":{"line":6,"column":271},"end":{"line":6,"column":292}},"type":"binary-expr","locations":[{"start":{"line":6,"column":271},"end":{"line":6,"column":274}},{"start":{"line":6,"column":278},"end":{"line":6,"column":292}}]},"2":{"loc":{"start":{"line":6,"column":330},"end":{"line":6,"column":447}},"type":"if","locations":[{"start":{"line":6,"column":330},"end":{"line":6,"column":447}},{"start":{"line":6,"column":330},"end":{"line":6,"column":447}}]},"3":{"loc":{"start":{"line":6,"column":370},"end":{"line":6,"column":445}},"type":"if","locations":[{"start":{"line":6,"column":370},"end":{"line":6,"column":445}},{"start":{"line":6,"column":370},"end":{"line":6,"column":445}}]},"4":{"loc":{"start":{"line":6,"column":529},"end":{"line":6,"column":575}},"type":"cond-expr","locations":[{"start":{"line":6,"column":553},"end":{"line":6,"column":556}},{"start":{"line":6,"column":559},"end":{"line":6,"column":575}}]},"5":{"loc":{"start":{"line":6,"column":529},"end":{"line":6,"column":550}},"type":"binary-expr","locations":[{"start":{"line":6,"column":529},"end":{"line":6,"column":532}},{"start":{"line":6,"column":536},"end":{"line":6,"column":550}}]},"6":{"loc":{"start":{"line":20,"column":23},"end":{"line":20,"column":75}},"type":"cond-expr","locations":[{"start":{"line":20,"column":46},"end":{"line":20,"column":70}},{"start":{"line":20,"column":73},"end":{"line":20,"column":75}}]}},"s":{"0":0,"1":0,"2":0,"3":0,"4":0,"5":0,"6":0,"7":0,"8":0,"9":0,"10":0,"11":0,"12":0,"13":0,"14":0,"15":0,"16":0,"17":0,"18":0,"19":0,"20":0},"f":{"0":0,"1":0,"2":0,"3":0,"4":0,"5":0,"6":0,"7":0},"b":{"0":[0,0],"1":[0,0],"2":[0,0],"3":[0,0],"4":[0,0],"5":[0,0],"6":[0,0]}}
,"/Users/henry/Desktop/adsf/frontend/src/components/comment/CommentForm.js": {"path":"/Users/henry/Desktop/adsf/frontend/src/components/comment/CommentForm.js","statementMap":{"0":{"start":{"line":1,"column":39},"end":{"line":1,"column":101}},"1":{"start":{"line":1,"column":120},"end":{"line":1,"column":194}},"2":{"start":{"line":10,"column":383},"end":{"line":10,"column":437}},"3":{"start":{"line":12,"column":20},"end":{"line":77,"column":1}},"4":{"start":{"line":13,"column":22},"end":{"line":13,"column":27}},"5":{"start":{"line":15,"column":24},"end":{"line":19,"column":3}},"6":{"start":{"line":16,"column":4},"end":{"line":16,"column":23}},"7":{"start":{"line":17,"column":4},"end":{"line":17,"column":63}},"8":{"start":{"line":18,"column":4},"end":{"line":18,"column":58}},"9":{"start":{"line":21,"column":18},"end":{"line":29,"column":3}},"10":{"start":{"line":22,"column":58},"end":{"line":22,"column":105}},"11":{"start":{"line":23,"column":4},"end":{"line":26,"column":5}},"12":{"start":{"line":24,"column":6},"end":{"line":24,"column":36}},"13":{"start":{"line":25,"column":6},"end":{"line":25,"column":32}},"14":{"start":{"line":28,"column":4},"end":{"line":28,"column":19}},"15":{"start":{"line":31,"column":23},"end":{"line":50,"column":3}},"16":{"start":{"line":32,"column":4},"end":{"line":32,"column":23}},"17":{"start":{"line":33,"column":4},"end":{"line":49,"column":5}},"18":{"start":{"line":34,"column":6},"end":{"line":34,"column":26}},"19":{"start":{"line":35,"column":6},"end":{"line":48,"column":9}},"20":{"start":{"line":37,"column":8},"end":{"line":41,"column":9}},"21":{"start":{"line":38,"column":10},"end":{"line":38,"column":37}},"22":{"start":{"line":39,"column":10},"end":{"line":39,"column":55}},"23":{"start":{"line":40,"column":10},"end":{"line":40,"column":30}},"24":{"start":{"line":44,"column":8},"end":{"line":44,"column":23}},"25":{"start":{"line":45,"column":8},"end":{"line":45,"column":28}},"26":{"start":{"line":46,"column":8},"end":{"line":46,"column":34}},"27":{"start":{"line":47,"column":8},"end":{"line":47,"column":97}},"28":{"start":{"line":52,"column":2},"end":{"line":72,"column":302}},"29":{"start":{"line":79,"column":24},"end":{"line":80,"column":27}},"30":{"start":{"line":79,"column":34},"end":{"line":80,"column":26}},"31":{"start":{"line":83,"column":27},"end":{"line":92,"column":101}},"32":{"start":{"line":83,"column":40},"end":{"line":92,"column":100}},"33":{"start":{"line":84,"column":27},"end":{"line":84,"column":71}},"34":{"start":{"line":85,"column":31},"end":{"line":85,"column":81}},"35":{"start":{"line":86,"column":27},"end":{"line":86,"column":71}},"36":{"start":{"line":88,"column":28},"end":{"line":88,"column":75}},"37":{"start":{"line":90,"column":28},"end":{"line":90,"column":73}},"38":{"start":{"line":91,"column":21},"end":{"line":91,"column":98}},"39":{"start":{"line":92,"column":21},"end":{"line":92,"column":98}}},"fnMap":{"0":{"name":"_interopRequireDefault","decl":{"start":{"line":10,"column":354},"end":{"line":10,"column":376}},"loc":{"start":{"line":10,"column":382},"end":{"line":10,"column":438}}},"1":{"name":"(anonymous_1)","decl":{"start":{"line":12,"column":20},"end":{"line":12,"column":21}},"loc":{"start":{"line":12,"column":29},"end":{"line":77,"column":1}}},"2":{"name":"(anonymous_2)","decl":{"start":{"line":15,"column":24},"end":{"line":15,"column":25}},"loc":{"start":{"line":15,"column":29},"end":{"line":19,"column":3}}},"3":{"name":"(anonymous_3)","decl":{"start":{"line":21,"column":18},"end":{"line":21,"column":19}},"loc":{"start":{"line":21,"column":24},"end":{"line":29,"column":3}}},"4":{"name":"(anonymous_4)","decl":{"start":{"line":31,"column":23},"end":{"line":31,"column":24}},"loc":{"start":{"line":31,"column":28},"end":{"line":50,"column":3}}},"5":{"name":"(anonymous_5)","decl":{"start":{"line":36,"column":11},"end":{"line":36,"column":12}},"loc":{"start":{"line":36,"column":18},"end":{"line":42,"column":7}}},"6":{"name":"(anonymous_6)","decl":{"start":{"line":43,"column":12},"end":{"line":43,"column":13}},"loc":{"start":{"line":43,"column":17},"end":{"line":48,"column":7}}},"7":{"name":"(anonymous_7)","decl":{"start":{"line":79,"column":24},"end":{"line":79,"column":25}},"loc":{"start":{"line":79,"column":34},"end":{"line":80,"column":26}}},"8":{"name":"(anonymous_8)","decl":{"start":{"line":83,"column":27},"end":{"line":83,"column":28}},"loc":{"start":{"line":83,"column":40},"end":{"line":92,"column":100}}},"9":{"name":"(anonymous_9)","decl":{"start":{"line":84,"column":21},"end":{"line":84,"column":22}},"loc":{"start":{"line":84,"column":27},"end":{"line":84,"column":71}}},"10":{"name":"(anonymous_10)","decl":{"start":{"line":85,"column":24},"end":{"line":85,"column":25}},"loc":{"start":{"line":85,"column":31},"end":{"line":85,"column":81}}},"11":{"name":"(anonymous_11)","decl":{"start":{"line":86,"column":21},"end":{"line":86,"column":22}},"loc":{"start":{"line":86,"column":27},"end":{"line":86,"column":71}}},"12":{"name":"(anonymous_12)","decl":{"start":{"line":88,"column":19},"end":{"line":88,"column":20}},"loc":{"start":{"line":88,"column":28},"end":{"line":88,"column":75}}},"13":{"name":"(anonymous_13)","decl":{"start":{"line":90,"column":22},"end":{"line":90,"column":23}},"loc":{"start":{"line":90,"column":28},"end":{"line":90,"column":73}}},"14":{"name":"(anonymous_14)","decl":{"start":{"line":91,"column":15},"end":{"line":91,"column":16}},"loc":{"start":{"line":91,"column":21},"end":{"line":91,"column":98}}},"15":{"name":"(anonymous_15)","decl":{"start":{"line":92,"column":15},"end":{"line":92,"column":16}},"loc":{"start":{"line":92,"column":21},"end":{"line":92,"column":98}}}},"branchMap":{"0":{"loc":{"start":{"line":10,"column":390},"end":{"line":10,"column":436}},"type":"cond-expr","locations":[{"start":{"line":10,"column":414},"end":{"line":10,"column":417}},{"start":{"line":10,"column":420},"end":{"line":10,"column":436}}]},"1":{"loc":{"start":{"line":10,"column":390},"end":{"line":10,"column":411}},"type":"binary-expr","locations":[{"start":{"line":10,"column":390},"end":{"line":10,"column":393}},{"start":{"line":10,"column":397},"end":{"line":10,"column":411}}]},"2":{"loc":{"start":{"line":23,"column":4},"end":{"line":26,"column":5}},"type":"if","locations":[{"start":{"line":23,"column":4},"end":{"line":26,"column":5}},{"start":{"line":23,"column":4},"end":{"line":26,"column":5}}]},"3":{"loc":{"start":{"line":33,"column":4},"end":{"line":49,"column":5}},"type":"if","locations":[{"start":{"line":33,"column":4},"end":{"line":49,"column":5}},{"start":{"line":33,"column":4},"end":{"line":49,"column":5}}]},"4":{"loc":{"start":{"line":37,"column":8},"end":{"line":41,"column":9}},"type":"if","locations":[{"start":{"line":37,"column":8},"end":{"line":41,"column":9}},{"start":{"line":37,"column":8},"end":{"line":41,"column":9}}]},"5":{"loc":{"start":{"line":54,"column":6},"end":{"line":58,"column":10}},"type":"cond-expr","locations":[{"start":{"line":58,"column":6},"end":{"line":58,"column":10}}]},"6":{"loc":{"start":{"line":72,"column":189},"end":{"line":72,"column":221}},"type":"binary-expr","locations":[{"start":{"line":72,"column":189},"end":{"line":72,"column":204}},{"start":{"line":72,"column":208},"end":{"line":72,"column":221}}]}},"s":{"0":0,"1":0,"2":0,"3":0,"4":0,"5":0,"6":0,"7":0,"8":0,"9":0,"10":0,"11":0,"12":0,"13":0,"14":0,"15":0,"16":0,"17":0,"18":0,"19":0,"20":0,"21":0,"22":0,"23":0,"24":0,"25":0,"26":0,"27":0,"28":0,"29":0,"30":0,"31":0,"32":0,"33":0,"34":0,"35":0,"36":0,"37":0,"38":0,"39":0},"f":{"0":0,"1":0,"2":0,"3":0,"4":0,"5":0,"6":0,"7":0,"8":0,"9":0,"10":0,"11":0,"12":0,"13":0,"14":0,"15":0},"b":{"0":[0,0],"1":[0,0],"2":[0,0],"3":[0,0],"4":[0,0],"5":[0],"6":[0,0]}}
,"/Users/henry/Desktop/adsf/frontend/src/components/comment/CommentList.js": {"path":"/Users/henry/Desktop/adsf/frontend/src/components/comment/CommentList.js","statementMap":{"0":{"start":{"line":1,"column":39},"end":{"line":1,"column":101}},"1":{"start":{"line":1,"column":120},"end":{"line":1,"column":194}},"2":{"start":{"line":14,"column":194},"end":{"line":14,"column":410}},"3":{"start":{"line":14,"column":222},"end":{"line":14,"column":233}},"4":{"start":{"line":14,"column":254},"end":{"line":14,"column":256}},"5":{"start":{"line":14,"column":257},"end":{"line":14,"column":374}},"6":{"start":{"line":14,"column":275},"end":{"line":14,"column":373}},"7":{"start":{"line":14,"column":297},"end":{"line":14,"column":372}},"8":{"start":{"line":14,"column":349},"end":{"line":14,"column":372}},"9":{"start":{"line":14,"column":374},"end":{"line":14,"column":395}},"10":{"start":{"line":14,"column":395},"end":{"line":14,"column":409}},"11":{"start":{"line":14,"column":449},"end":{"line":14,"column":503}},"12":{"start":{"line":59,"column":35},"end":{"line":59,"column":82}},"13":{"start":{"line":62,"column":45},"end":{"line":62,"column":55}},"14":{"start":{"line":63,"column":20},"end":{"line":73,"column":114}},"15":{"start":{"line":77,"column":4},"end":{"line":145,"column":124}},"16":{"start":{"line":154,"column":0},"end":{"line":158,"column":76}},"17":{"start":{"line":161,"column":27},"end":{"line":164,"column":100}},"18":{"start":{"line":161,"column":40},"end":{"line":164,"column":99}},"19":{"start":{"line":162,"column":37},"end":{"line":162,"column":93}},"20":{"start":{"line":163,"column":34},"end":{"line":163,"column":87}},"21":{"start":{"line":164,"column":23},"end":{"line":164,"column":97}},"22":{"start":{"line":167,"column":24},"end":{"line":170,"column":21}},"23":{"start":{"line":167,"column":34},"end":{"line":170,"column":20}}},"fnMap":{"0":{"name":"_interopRequireWildcard","decl":{"start":{"line":14,"column":164},"end":{"line":14,"column":187}},"loc":{"start":{"line":14,"column":193},"end":{"line":14,"column":411}}},"1":{"name":"_interopRequireDefault","decl":{"start":{"line":14,"column":420},"end":{"line":14,"column":442}},"loc":{"start":{"line":14,"column":448},"end":{"line":14,"column":504}}},"2":{"name":"(anonymous_2)","decl":{"start":{"line":59,"column":14},"end":{"line":59,"column":15}},"loc":{"start":{"line":59,"column":34},"end":{"line":59,"column":83}}},"3":{"name":"(anonymous_3)","decl":{"start":{"line":61,"column":2},"end":{"line":61,"column":3}},"loc":{"start":{"line":61,"column":11},"end":{"line":150,"column":3}}},"4":{"name":"(anonymous_4)","decl":{"start":{"line":161,"column":27},"end":{"line":161,"column":28}},"loc":{"start":{"line":161,"column":40},"end":{"line":164,"column":99}}},"5":{"name":"(anonymous_5)","decl":{"start":{"line":162,"column":24},"end":{"line":162,"column":25}},"loc":{"start":{"line":162,"column":37},"end":{"line":162,"column":93}}},"6":{"name":"(anonymous_6)","decl":{"start":{"line":163,"column":22},"end":{"line":163,"column":23}},"loc":{"start":{"line":163,"column":34},"end":{"line":163,"column":87}}},"7":{"name":"(anonymous_7)","decl":{"start":{"line":164,"column":17},"end":{"line":164,"column":18}},"loc":{"start":{"line":164,"column":23},"end":{"line":164,"column":97}}},"8":{"name":"(anonymous_8)","decl":{"start":{"line":167,"column":24},"end":{"line":167,"column":25}},"loc":{"start":{"line":167,"column":34},"end":{"line":170,"column":20}}}},"branchMap":{"0":{"loc":{"start":{"line":14,"column":194},"end":{"line":14,"column":410}},"type":"if","locations":[{"start":{"line":14,"column":194},"end":{"line":14,"column":410}},{"start":{"line":14,"column":194},"end":{"line":14,"column":410}}]},"1":{"loc":{"start":{"line":14,"column":198},"end":{"line":14,"column":219}},"type":"binary-expr","locations":[{"start":{"line":14,"column":198},"end":{"line":14,"column":201}},{"start":{"line":14,"column":205},"end":{"line":14,"column":219}}]},"2":{"loc":{"start":{"line":14,"column":257},"end":{"line":14,"column":374}},"type":"if","locations":[{"start":{"line":14,"column":257},"end":{"line":14,"column":374}},{"start":{"line":14,"column":257},"end":{"line":14,"column":374}}]},"3":{"loc":{"start":{"line":14,"column":297},"end":{"line":14,"column":372}},"type":"if","locations":[{"start":{"line":14,"column":297},"end":{"line":14,"column":372}},{"start":{"line":14,"column":297},"end":{"line":14,"column":372}}]},"4":{"loc":{"start":{"line":14,"column":456},"end":{"line":14,"column":502}},"type":"cond-expr","locations":[{"start":{"line":14,"column":480},"end":{"line":14,"column":483}},{"start":{"line":14,"column":486},"end":{"line":14,"column":502}}]},"5":{"loc":{"start":{"line":14,"column":456},"end":{"line":14,"column":477}},"type":"binary-expr","locations":[{"start":{"line":14,"column":456},"end":{"line":14,"column":459}},{"start":{"line":14,"column":463},"end":{"line":14,"column":477}}]},"6":{"loc":{"start":{"line":85,"column":237},"end":{"line":85,"column":279}},"type":"binary-expr","locations":[{"start":{"line":85,"column":237},"end":{"line":85,"column":256}},{"start":{"line":85,"column":260},"end":{"line":85,"column":279}}]},"8":{"loc":{"start":{"line":120,"column":8},"end":{"line":124,"column":12}},"type":"cond-expr","locations":[{"start":{"line":124,"column":8},"end":{"line":124,"column":12}}]},"9":{"loc":{"start":{"line":120,"column":8},"end":{"line":120,"column":72}},"type":"binary-expr","locations":[{"start":{"line":120,"column":8},"end":{"line":120,"column":19}},{"start":{"line":120,"column":23},"end":{"line":120,"column":47}},{"start":{"line":120,"column":51},"end":{"line":120,"column":72}}]},"10":{"loc":{"start":{"line":125,"column":8},"end":{"line":129,"column":12}},"type":"cond-expr","locations":[{"start":{"line":129,"column":8},"end":{"line":129,"column":12}}]},"11":{"loc":{"start":{"line":125,"column":8},"end":{"line":125,"column":73}},"type":"binary-expr","locations":[{"start":{"line":125,"column":8},"end":{"line":125,"column":19}},{"start":{"line":125,"column":23},"end":{"line":125,"column":47}},{"start":{"line":125,"column":51},"end":{"line":125,"column":73}}]},"12":{"loc":{"start":{"line":130,"column":8},"end":{"line":134,"column":12}},"type":"cond-expr","locations":[{"start":{"line":134,"column":8},"end":{"line":134,"column":12}}]},"13":{"loc":{"start":{"line":130,"column":8},"end":{"line":130,"column":73}},"type":"binary-expr","locations":[{"start":{"line":130,"column":8},"end":{"line":130,"column":19}},{"start":{"line":130,"column":23},"end":{"line":130,"column":47}},{"start":{"line":130,"column":51},"end":{"line":130,"column":73}}]},"14":{"loc":{"start":{"line":135,"column":8},"end":{"line":139,"column":12}},"type":"cond-expr","locations":[{"start":{"line":139,"column":8},"end":{"line":139,"column":12}}]},"15":{"loc":{"start":{"line":135,"column":8},"end":{"line":135,"column":72}},"type":"binary-expr","locations":[{"start":{"line":135,"column":8},"end":{"line":135,"column":19}},{"start":{"line":135,"column":23},"end":{"line":135,"column":47}},{"start":{"line":135,"column":51},"end":{"line":135,"column":72}}]}},"s":{"0":0,"1":0,"2":0,"3":0,"4":0,"5":0,"6":0,"7":0,"8":0,"9":0,"10":0,"11":0,"12":0,"13":0,"14":0,"15":0,"16":0,"17":0,"18":0,"19":0,"20":0,"21":0,"22":0,"23":0},"f":{"0":0,"1":0,"2":0,"3":0,"4":0,"5":0,"6":0,"7":0,"8":0},"b":{"0":[0,0],"1":[0,0],"2":[0,0],"3":[0,0],"4":[0,0],"5":[0,0],"6":[0,0],"8":[0],"9":[0,0,0],"10":[0],"11":[0,0,0],"12":[0],"13":[0,0,0],"14":[0],"15":[0,0,0]}}
,"/Users/henry/Desktop/adsf/frontend/src/components/comment/commentValidator.js": {"path":"/Users/henry/Desktop/adsf/frontend/src/components/comment/commentValidator.js","statementMap":{"0":{"start":{"line":1,"column":39},"end":{"line":1,"column":101}},"1":{"start":{"line":1,"column":101},"end":{"line":4,"column":17}},"2":{"start":{"line":4,"column":198},"end":{"line":4,"column":252}},"3":{"start":{"line":5,"column":15},"end":{"line":5,"column":17}},"4":{"start":{"line":7,"column":2},"end":{"line":9,"column":3}},"5":{"start":{"line":8,"column":4},"end":{"line":8,"column":46}},"6":{"start":{"line":10,"column":2},"end":{"line":12,"column":3}},"7":{"start":{"line":11,"column":4},"end":{"line":11,"column":36}},"8":{"start":{"line":14,"column":2},"end":{"line":16,"column":72}}},"fnMap":{"0":{"name":"_interopRequireDefault","decl":{"start":{"line":4,"column":169},"end":{"line":4,"column":191}},"loc":{"start":{"line":4,"column":197},"end":{"line":4,"column":253}}},"1":{"name":"commentValidator","decl":{"start":{"line":4,"column":262},"end":{"line":4,"column":278}},"loc":{"start":{"line":4,"column":285},"end":{"line":18,"column":1}}}},"branchMap":{"0":{"loc":{"start":{"line":4,"column":205},"end":{"line":4,"column":251}},"type":"cond-expr","locations":[{"start":{"line":4,"column":229},"end":{"line":4,"column":232}},{"start":{"line":4,"column":235},"end":{"line":4,"column":251}}]},"1":{"loc":{"start":{"line":4,"column":205},"end":{"line":4,"column":226}},"type":"binary-expr","locations":[{"start":{"line":4,"column":205},"end":{"line":4,"column":208}},{"start":{"line":4,"column":212},"end":{"line":4,"column":226}}]},"2":{"loc":{"start":{"line":7,"column":2},"end":{"line":9,"column":3}},"type":"if","locations":[{"start":{"line":7,"column":2},"end":{"line":9,"column":3}},{"start":{"line":7,"column":2},"end":{"line":9,"column":3}}]},"3":{"loc":{"start":{"line":10,"column":2},"end":{"line":12,"column":3}},"type":"if","locations":[{"start":{"line":10,"column":2},"end":{"line":12,"column":3}},{"start":{"line":10,"column":2},"end":{"line":12,"column":3}}]}},"s":{"0":0,"1":0,"2":0,"3":0,"4":0,"5":0,"6":0,"7":0,"8":0},"f":{"0":0,"1":0},"b":{"0":[0,0],"1":[0,0],"2":[0,0],"3":[0,0]}}
,"/Users/henry/Desktop/adsf/frontend/src/components/common/TextFieldGroup.js": {"path":"/Users/henry/Desktop/adsf/frontend/src/components/common/TextFieldGroup.js","statementMap":{"0":{"start":{"line":1,"column":39},"end":{"line":1,"column":101}},"1":{"start":{"line":1,"column":120},"end":{"line":1,"column":196}},"2":{"start":{"line":1,"column":363},"end":{"line":1,"column":417}},"3":{"start":{"line":3,"column":23},"end":{"line":23,"column":1}},"4":{"start":{"line":6,"column":23},"end":{"line":6,"column":87}},"5":{"start":{"line":7,"column":2},"end":{"line":21,"column":245}},"6":{"start":{"line":25,"column":0},"end":{"line":34,"column":69}},"7":{"start":{"line":37,"column":0},"end":{"line":38,"column":17}}},"fnMap":{"0":{"name":"_interopRequireDefault","decl":{"start":{"line":1,"column":334},"end":{"line":1,"column":356}},"loc":{"start":{"line":1,"column":362},"end":{"line":1,"column":418}}},"1":{"name":"(anonymous_1)","decl":{"start":{"line":3,"column":23},"end":{"line":3,"column":24}},"loc":{"start":{"line":5,"column":0},"end":{"line":23,"column":1}}}},"branchMap":{"0":{"loc":{"start":{"line":1,"column":370},"end":{"line":1,"column":416}},"type":"cond-expr","locations":[{"start":{"line":1,"column":394},"end":{"line":1,"column":397}},{"start":{"line":1,"column":400},"end":{"line":1,"column":416}}]},"1":{"loc":{"start":{"line":1,"column":370},"end":{"line":1,"column":391}},"type":"binary-expr","locations":[{"start":{"line":1,"column":370},"end":{"line":1,"column":373}},{"start":{"line":1,"column":377},"end":{"line":1,"column":391}}]},"2":{"loc":{"start":{"line":6,"column":23},"end":{"line":6,"column":87}},"type":"cond-expr","locations":[{"start":{"line":6,"column":31},"end":{"line":6,"column":66}},{"start":{"line":6,"column":69},"end":{"line":6,"column":87}}]},"3":{"loc":{"start":{"line":21,"column":6},"end":{"line":21,"column":242}},"type":"binary-expr","locations":[{"start":{"line":21,"column":6},"end":{"line":21,"column":11}}]}},"s":{"0":0,"1":0,"2":0,"3":0,"4":0,"5":0,"6":0,"7":0},"f":{"0":0,"1":0},"b":{"0":[0,0],"1":[0,0],"2":[0,0],"3":[0]}}
,"/Users/henry/Desktop/adsf/frontend/src/components/common/TextFieldGroupMaterialUI.js": {"path":"/Users/henry/Desktop/adsf/frontend/src/components/common/TextFieldGroupMaterialUI.js","statementMap":{"0":{"start":{"line":1,"column":39},"end":{"line":1,"column":101}},"1":{"start":{"line":1,"column":120},"end":{"line":1,"column":206}},"2":{"start":{"line":3,"column":194},"end":{"line":3,"column":248}},"3":{"start":{"line":5,"column":33},"end":{"line":27,"column":1}},"4":{"start":{"line":6,"column":2},"end":{"line":23,"column":114}},"5":{"start":{"line":29,"column":0},"end":{"line":46,"column":76}},"6":{"start":{"line":49,"column":0},"end":{"line":51,"column":20}}},"fnMap":{"0":{"name":"_interopRequireDefault","decl":{"start":{"line":3,"column":165},"end":{"line":3,"column":187}},"loc":{"start":{"line":3,"column":193},"end":{"line":3,"column":249}}},"1":{"name":"(anonymous_1)","decl":{"start":{"line":5,"column":33},"end":{"line":5,"column":34}},"loc":{"start":{"line":5,"column":70},"end":{"line":27,"column":1}}}},"branchMap":{"0":{"loc":{"start":{"line":3,"column":201},"end":{"line":3,"column":247}},"type":"cond-expr","locations":[{"start":{"line":3,"column":225},"end":{"line":3,"column":228}},{"start":{"line":3,"column":231},"end":{"line":3,"column":247}}]},"1":{"loc":{"start":{"line":3,"column":201},"end":{"line":3,"column":222}},"type":"binary-expr","locations":[{"start":{"line":3,"column":201},"end":{"line":3,"column":204}},{"start":{"line":3,"column":208},"end":{"line":3,"column":222}}]}},"s":{"0":0,"1":0,"2":0,"3":0,"4":0,"5":0,"6":0},"f":{"0":0,"1":0},"b":{"0":[0,0],"1":[0,0]}}
,"/Users/henry/Desktop/adsf/frontend/src/components/common/renderTextField.js": {"path":"/Users/henry/Desktop/adsf/frontend/src/components/common/renderTextField.js","statementMap":{"0":{"start":{"line":1,"column":39},"end":{"line":1,"column":101}},"1":{"start":{"line":1,"column":101},"end":{"line":1,"column":137}},"2":{"start":{"line":1,"column":156},"end":{"line":1,"column":233}},"3":{"start":{"line":2,"column":194},"end":{"line":2,"column":248}},"4":{"start":{"line":2,"column":308},"end":{"line":2,"column":310}},"5":{"start":{"line":2,"column":311},"end":{"line":2,"column":446}},"6":{"start":{"line":2,"column":331},"end":{"line":2,"column":366}},"7":{"start":{"line":2,"column":357},"end":{"line":2,"column":366}},"8":{"start":{"line":2,"column":366},"end":{"line":2,"column":426}},"9":{"start":{"line":2,"column":417},"end":{"line":2,"column":426}},"10":{"start":{"line":2,"column":426},"end":{"line":2,"column":445}},"11":{"start":{"line":2,"column":446},"end":{"line":2,"column":460}},"12":{"start":{"line":4,"column":24},"end":{"line":9,"column":91}}},"fnMap":{"0":{"name":"_interopRequireDefault","decl":{"start":{"line":2,"column":165},"end":{"line":2,"column":187}},"loc":{"start":{"line":2,"column":193},"end":{"line":2,"column":249}}},"1":{"name":"_objectWithoutProperties","decl":{"start":{"line":2,"column":258},"end":{"line":2,"column":282}},"loc":{"start":{"line":2,"column":294},"end":{"line":2,"column":461}}},"2":{"name":"(anonymous_2)","decl":{"start":{"line":4,"column":24},"end":{"line":4,"column":25}},"loc":{"start":{"line":4,"column":87},"end":{"line":9,"column":91}}}},"branchMap":{"0":{"loc":{"start":{"line":2,"column":201},"end":{"line":2,"column":247}},"type":"cond-expr","locations":[{"start":{"line":2,"column":225},"end":{"line":2,"column":228}},{"start":{"line":2,"column":231},"end":{"line":2,"column":247}}]},"1":{"loc":{"start":{"line":2,"column":201},"end":{"line":2,"column":222}},"type":"binary-expr","locations":[{"start":{"line":2,"column":201},"end":{"line":2,"column":204}},{"start":{"line":2,"column":208},"end":{"line":2,"column":222}}]},"2":{"loc":{"start":{"line":2,"column":331},"end":{"line":2,"column":366}},"type":"if","locations":[{"start":{"line":2,"column":331},"end":{"line":2,"column":366}},{"start":{"line":2,"column":331},"end":{"line":2,"column":366}}]},"3":{"loc":{"start":{"line":2,"column":366},"end":{"line":2,"column":426}},"type":"if","locations":[{"start":{"line":2,"column":366},"end":{"line":2,"column":426}},{"start":{"line":2,"column":366},"end":{"line":2,"column":426}}]}},"s":{"0":0,"1":0,"2":0,"3":0,"4":0,"5":0,"6":0,"7":0,"8":0,"9":0,"10":0,"11":0,"12":0},"f":{"0":0,"1":0,"2":0},"b":{"0":[0,0],"1":[0,0],"2":[0,0],"3":[0,0]}}
,"/Users/henry/Desktop/adsf/frontend/src/components/error404/Error404.js": {"path":"/Users/henry/Desktop/adsf/frontend/src/components/error404/Error404.js","statementMap":{"0":{"start":{"line":1,"column":39},"end":{"line":1,"column":101}},"1":{"start":{"line":1,"column":120},"end":{"line":1,"column":192}},"2":{"start":{"line":1,"column":359},"end":{"line":1,"column":413}},"3":{"start":{"line":3,"column":17},"end":{"line":4,"column":268}},"4":{"start":{"line":4,"column":26},"end":{"line":4,"column":268}}},"fnMap":{"0":{"name":"_interopRequireDefault","decl":{"start":{"line":1,"column":330},"end":{"line":1,"column":352}},"loc":{"start":{"line":1,"column":358},"end":{"line":1,"column":414}}},"1":{"name":"(anonymous_1)","decl":{"start":{"line":3,"column":17},"end":{"line":3,"column":18}},"loc":{"start":{"line":4,"column":26},"end":{"line":4,"column":268}}}},"branchMap":{"0":{"loc":{"start":{"line":1,"column":366},"end":{"line":1,"column":412}},"type":"cond-expr","locations":[{"start":{"line":1,"column":390},"end":{"line":1,"column":393}},{"start":{"line":1,"column":396},"end":{"line":1,"column":412}}]},"1":{"loc":{"start":{"line":1,"column":366},"end":{"line":1,"column":387}},"type":"binary-expr","locations":[{"start":{"line":1,"column":366},"end":{"line":1,"column":369}},{"start":{"line":1,"column":373},"end":{"line":1,"column":387}}]}},"s":{"0":0,"1":0,"2":0,"3":0,"4":0},"f":{"0":0,"1":0},"b":{"0":[0,0],"1":[0,0]}}
,"/Users/henry/Desktop/adsf/frontend/src/components/gallery/Gallery(copy).js": {"path":"/Users/henry/Desktop/adsf/frontend/src/components/gallery/Gallery(copy).js","statementMap":{"0":{"start":{"line":1,"column":39},"end":{"line":1,"column":101}},"1":{"start":{"line":1,"column":120},"end":{"line":1,"column":196}},"2":{"start":{"line":4,"column":504},"end":{"line":4,"column":558}},"3":{"start":{"line":5,"column":16},"end":{"line":53,"column":1}},"4":{"start":{"line":7,"column":24},"end":{"line":19,"column":3}},"5":{"start":{"line":8,"column":13},"end":{"line":8,"column":59}},"6":{"start":{"line":9,"column":4},"end":{"line":9,"column":38}},"7":{"start":{"line":16,"column":4},"end":{"line":18,"column":97}},"8":{"start":{"line":21,"column":2},"end":{"line":52,"column":3}},"9":{"start":{"line":22,"column":23},"end":{"line":29,"column":6}},"10":{"start":{"line":23,"column":6},"end":{"line":27,"column":246}},"11":{"start":{"line":24,"column":27},"end":{"line":24,"column":51}},"12":{"start":{"line":25,"column":31},"end":{"line":25,"column":64}},"13":{"start":{"line":26,"column":30},"end":{"line":26,"column":64}},"14":{"start":{"line":30,"column":25},"end":{"line":34,"column":6}},"15":{"start":{"line":31,"column":6},"end":{"line":33,"column":44}},"16":{"start":{"line":35,"column":4},"end":{"line":46,"column":283}},"17":{"start":{"line":38,"column":177},"end":{"line":38,"column":196}},"18":{"start":{"line":44,"column":30},"end":{"line":44,"column":46}},"19":{"start":{"line":45,"column":27},"end":{"line":45,"column":46}},"20":{"start":{"line":51,"column":4},"end":{"line":51,"column":218}},"21":{"start":{"line":55,"column":24},"end":{"line":56,"column":27}},"22":{"start":{"line":55,"column":34},"end":{"line":56,"column":26}},"23":{"start":{"line":58,"column":27},"end":{"line":64,"column":92}},"24":{"start":{"line":58,"column":40},"end":{"line":64,"column":91}},"25":{"start":{"line":59,"column":30},"end":{"line":59,"column":79}},"26":{"start":{"line":60,"column":27},"end":{"line":60,"column":71}},"27":{"start":{"line":61,"column":21},"end":{"line":61,"column":59}},"28":{"start":{"line":62,"column":21},"end":{"line":62,"column":59}},"29":{"start":{"line":63,"column":39},"end":{"line":63,"column":97}},"30":{"start":{"line":64,"column":36},"end":{"line":64,"column":89}},"31":{"start":{"line":68,"column":0},"end":{"line":69,"column":133}}},"fnMap":{"0":{"name":"_interopRequireDefault","decl":{"start":{"line":4,"column":475},"end":{"line":4,"column":497}},"loc":{"start":{"line":4,"column":503},"end":{"line":4,"column":559}}},"1":{"name":"(anonymous_1)","decl":{"start":{"line":5,"column":16},"end":{"line":5,"column":17}},"loc":{"start":{"line":5,"column":25},"end":{"line":53,"column":1}}},"2":{"name":"(anonymous_2)","decl":{"start":{"line":7,"column":24},"end":{"line":7,"column":25}},"loc":{"start":{"line":7,"column":29},"end":{"line":19,"column":3}}},"3":{"name":"(anonymous_3)","decl":{"start":{"line":22,"column":40},"end":{"line":22,"column":41}},"loc":{"start":{"line":22,"column":52},"end":{"line":29,"column":5}}},"4":{"name":"(anonymous_4)","decl":{"start":{"line":24,"column":21},"end":{"line":24,"column":22}},"loc":{"start":{"line":24,"column":27},"end":{"line":24,"column":51}}},"5":{"name":"(anonymous_5)","decl":{"start":{"line":25,"column":25},"end":{"line":25,"column":26}},"loc":{"start":{"line":25,"column":31},"end":{"line":25,"column":64}}},"6":{"name":"(anonymous_6)","decl":{"start":{"line":26,"column":24},"end":{"line":26,"column":25}},"loc":{"start":{"line":26,"column":30},"end":{"line":26,"column":64}}},"7":{"name":"(anonymous_7)","decl":{"start":{"line":30,"column":45},"end":{"line":30,"column":46}},"loc":{"start":{"line":30,"column":57},"end":{"line":34,"column":5}}},"8":{"name":"(anonymous_8)","decl":{"start":{"line":38,"column":171},"end":{"line":38,"column":172}},"loc":{"start":{"line":38,"column":177},"end":{"line":38,"column":196}}},"9":{"name":"(anonymous_9)","decl":{"start":{"line":44,"column":25},"end":{"line":44,"column":26}},"loc":{"start":{"line":44,"column":30},"end":{"line":44,"column":46}}},"10":{"name":"(anonymous_10)","decl":{"start":{"line":45,"column":21},"end":{"line":45,"column":22}},"loc":{"start":{"line":45,"column":27},"end":{"line":45,"column":46}}},"11":{"name":"(anonymous_11)","decl":{"start":{"line":55,"column":24},"end":{"line":55,"column":25}},"loc":{"start":{"line":55,"column":34},"end":{"line":56,"column":26}}},"12":{"name":"(anonymous_12)","decl":{"start":{"line":58,"column":27},"end":{"line":58,"column":28}},"loc":{"start":{"line":58,"column":40},"end":{"line":64,"column":91}}},"13":{"name":"(anonymous_13)","decl":{"start":{"line":59,"column":19},"end":{"line":59,"column":20}},"loc":{"start":{"line":59,"column":30},"end":{"line":59,"column":79}}},"14":{"name":"(anonymous_14)","decl":{"start":{"line":60,"column":21},"end":{"line":60,"column":22}},"loc":{"start":{"line":60,"column":27},"end":{"line":60,"column":71}}},"15":{"name":"(anonymous_15)","decl":{"start":{"line":61,"column":15},"end":{"line":61,"column":16}},"loc":{"start":{"line":61,"column":21},"end":{"line":61,"column":59}}},"16":{"name":"(anonymous_16)","decl":{"start":{"line":62,"column":15},"end":{"line":62,"column":16}},"loc":{"start":{"line":62,"column":21},"end":{"line":62,"column":59}}},"17":{"name":"(anonymous_17)","decl":{"start":{"line":63,"column":28},"end":{"line":63,"column":29}},"loc":{"start":{"line":63,"column":39},"end":{"line":63,"column":97}}},"18":{"name":"(anonymous_18)","decl":{"start":{"line":64,"column":30},"end":{"line":64,"column":31}},"loc":{"start":{"line":64,"column":36},"end":{"line":64,"column":89}}}},"branchMap":{"0":{"loc":{"start":{"line":4,"column":511},"end":{"line":4,"column":557}},"type":"cond-expr","locations":[{"start":{"line":4,"column":535},"end":{"line":4,"column":538}},{"start":{"line":4,"column":541},"end":{"line":4,"column":557}}]},"1":{"loc":{"start":{"line":4,"column":511},"end":{"line":4,"column":532}},"type":"binary-expr","locations":[{"start":{"line":4,"column":511},"end":{"line":4,"column":514}},{"start":{"line":4,"column":518},"end":{"line":4,"column":532}}]},"2":{"loc":{"start":{"line":21,"column":2},"end":{"line":52,"column":3}},"type":"if","locations":[{"start":{"line":21,"column":2},"end":{"line":52,"column":3}},{"start":{"line":21,"column":2},"end":{"line":52,"column":3}}]},"3":{"loc":{"start":{"line":23,"column":172},"end":{"line":23,"column":225}},"type":"cond-expr","locations":[{"start":{"line":23,"column":212},"end":{"line":23,"column":220}},{"start":{"line":23,"column":223},"end":{"line":23,"column":225}}]},"4":{"loc":{"start":{"line":31,"column":13},"end":{"line":33,"column":43}},"type":"cond-expr","locations":[{"start":{"line":32,"column":6},"end":{"line":32,"column":47}},{"start":{"line":33,"column":6},"end":{"line":33,"column":43}}]},"5":{"loc":{"start":{"line":41,"column":8},"end":{"line":46,"column":280}},"type":"binary-expr","locations":[{"start":{"line":41,"column":8},"end":{"line":41,"column":33}}]}},"s":{"0":0,"1":0,"2":0,"3":0,"4":0,"5":0,"6":0,"7":0,"8":0,"9":0,"10":0,"11":0,"12":0,"13":0,"14":0,"15":0,"16":0,"17":0,"18":0,"19":0,"20":0,"21":0,"22":0,"23":0,"24":0,"25":0,"26":0,"27":0,"28":0,"29":0,"30":0,"31":0},"f":{"0":0,"1":0,"2":0,"3":0,"4":0,"5":0,"6":0,"7":0,"8":0,"9":0,"10":0,"11":0,"12":0,"13":0,"14":0,"15":0,"16":0,"17":0,"18":0},"b":{"0":[0,0],"1":[0,0],"2":[0,0],"3":[0,0],"4":[0,0],"5":[0]}}
,"/Users/henry/Desktop/adsf/frontend/src/components/gallery/Gallery.js": {"path":"/Users/henry/Desktop/adsf/frontend/src/components/gallery/Gallery.js","statementMap":{"0":{"start":{"line":1,"column":39},"end":{"line":1,"column":101}},"1":{"start":{"line":1,"column":120},"end":{"line":1,"column":190}},"2":{"start":{"line":4,"column":504},"end":{"line":4,"column":558}},"3":{"start":{"line":5,"column":16},"end":{"line":100,"column":1}},"4":{"start":{"line":7,"column":2},"end":{"line":99,"column":3}},"5":{"start":{"line":8,"column":23},"end":{"line":15,"column":6}},"6":{"start":{"line":9,"column":6},"end":{"line":13,"column":246}},"7":{"start":{"line":10,"column":27},"end":{"line":10,"column":51}},"8":{"start":{"line":11,"column":31},"end":{"line":11,"column":64}},"9":{"start":{"line":12,"column":30},"end":{"line":12,"column":64}},"10":{"start":{"line":16,"column":25},"end":{"line":20,"column":6}},"11":{"start":{"line":17,"column":6},"end":{"line":19,"column":44}},"12":{"start":{"line":23,"column":24},"end":{"line":28,"column":5}},"13":{"start":{"line":24,"column":21},"end":{"line":24,"column":57}},"14":{"start":{"line":25,"column":20},"end":{"line":25,"column":62}},"15":{"start":{"line":26,"column":6},"end":{"line":26,"column":39}},"16":{"start":{"line":27,"column":6},"end":{"line":27,"column":38}},"17":{"start":{"line":30,"column":23},"end":{"line":35,"column":5}},"18":{"start":{"line":31,"column":21},"end":{"line":31,"column":57}},"19":{"start":{"line":32,"column":20},"end":{"line":32,"column":62}},"20":{"start":{"line":33,"column":6},"end":{"line":33,"column":38}},"21":{"start":{"line":34,"column":6},"end":{"line":34,"column":37}},"22":{"start":{"line":37,"column":24},"end":{"line":72,"column":5}},"23":{"start":{"line":38,"column":22},"end":{"line":38,"column":74}},"24":{"start":{"line":39,"column":19},"end":{"line":39,"column":72}},"25":{"start":{"line":41,"column":17},"end":{"line":41,"column":48}},"26":{"start":{"line":42,"column":21},"end":{"line":42,"column":57}},"27":{"start":{"line":43,"column":20},"end":{"line":43,"column":62}},"28":{"start":{"line":44,"column":23},"end":{"line":44,"column":69}},"29":{"start":{"line":46,"column":19},"end":{"line":46,"column":37}},"30":{"start":{"line":48,"column":17},"end":{"line":48,"column":104}},"31":{"start":{"line":49,"column":16},"end":{"line":49,"column":103}},"32":{"start":{"line":51,"column":6},"end":{"line":55,"column":7}},"33":{"start":{"line":52,"column":8},"end":{"line":52,"column":17}},"34":{"start":{"line":53,"column":13},"end":{"line":55,"column":7}},"35":{"start":{"line":54,"column":8},"end":{"line":54,"column":57}},"36":{"start":{"line":57,"column":6},"end":{"line":62,"column":7}},"37":{"start":{"line":58,"column":8},"end":{"line":58,"column":16}},"38":{"start":{"line":59,"column":13},"end":{"line":62,"column":7}},"39":{"start":{"line":60,"column":8},"end":{"line":60,"column":58}},"40":{"start":{"line":64,"column":6},"end":{"line":64,"column":40}},"41":{"start":{"line":65,"column":6},"end":{"line":65,"column":38}},"42":{"start":{"line":67,"column":21},"end":{"line":67,"column":69}},"43":{"start":{"line":68,"column":21},"end":{"line":68,"column":70}},"44":{"start":{"line":70,"column":6},"end":{"line":70,"column":96}},"45":{"start":{"line":71,"column":6},"end":{"line":71,"column":97}},"46":{"start":{"line":75,"column":4},"end":{"line":91,"column":286}},"47":{"start":{"line":98,"column":4},"end":{"line":98,"column":218}},"48":{"start":{"line":102,"column":24},"end":{"line":103,"column":27}},"49":{"start":{"line":102,"column":34},"end":{"line":103,"column":26}},"50":{"start":{"line":105,"column":27},"end":{"line":111,"column":92}},"51":{"start":{"line":105,"column":40},"end":{"line":111,"column":91}},"52":{"start":{"line":106,"column":30},"end":{"line":106,"column":79}},"53":{"start":{"line":107,"column":27},"end":{"line":107,"column":71}},"54":{"start":{"line":108,"column":21},"end":{"line":108,"column":59}},"55":{"start":{"line":109,"column":21},"end":{"line":109,"column":59}},"56":{"start":{"line":110,"column":39},"end":{"line":110,"column":97}},"57":{"start":{"line":111,"column":36},"end":{"line":111,"column":89}},"58":{"start":{"line":114,"column":0},"end":{"line":115,"column":133}}},"fnMap":{"0":{"name":"_interopRequireDefault","decl":{"start":{"line":4,"column":475},"end":{"line":4,"column":497}},"loc":{"start":{"line":4,"column":503},"end":{"line":4,"column":559}}},"1":{"name":"(anonymous_1)","decl":{"start":{"line":5,"column":16},"end":{"line":5,"column":17}},"loc":{"start":{"line":5,"column":25},"end":{"line":100,"column":1}}},"2":{"name":"(anonymous_2)","decl":{"start":{"line":8,"column":40},"end":{"line":8,"column":41}},"loc":{"start":{"line":8,"column":52},"end":{"line":15,"column":5}}},"3":{"name":"(anonymous_3)","decl":{"start":{"line":10,"column":21},"end":{"line":10,"column":22}},"loc":{"start":{"line":10,"column":27},"end":{"line":10,"column":51}}},"4":{"name":"(anonymous_4)","decl":{"start":{"line":11,"column":25},"end":{"line":11,"column":26}},"loc":{"start":{"line":11,"column":31},"end":{"line":11,"column":64}}},"5":{"name":"(anonymous_5)","decl":{"start":{"line":12,"column":24},"end":{"line":12,"column":25}},"loc":{"start":{"line":12,"column":30},"end":{"line":12,"column":64}}},"6":{"name":"(anonymous_6)","decl":{"start":{"line":16,"column":45},"end":{"line":16,"column":46}},"loc":{"start":{"line":16,"column":57},"end":{"line":20,"column":5}}},"7":{"name":"(anonymous_7)","decl":{"start":{"line":23,"column":24},"end":{"line":23,"column":25}},"loc":{"start":{"line":23,"column":30},"end":{"line":28,"column":5}}},"8":{"name":"(anonymous_8)","decl":{"start":{"line":30,"column":23},"end":{"line":30,"column":24}},"loc":{"start":{"line":30,"column":29},"end":{"line":35,"column":5}}},"9":{"name":"(anonymous_9)","decl":{"start":{"line":37,"column":24},"end":{"line":37,"column":25}},"loc":{"start":{"line":37,"column":30},"end":{"line":72,"column":5}}},"10":{"name":"(anonymous_10)","decl":{"start":{"line":102,"column":24},"end":{"line":102,"column":25}},"loc":{"start":{"line":102,"column":34},"end":{"line":103,"column":26}}},"11":{"name":"(anonymous_11)","decl":{"start":{"line":105,"column":27},"end":{"line":105,"column":28}},"loc":{"start":{"line":105,"column":40},"end":{"line":111,"column":91}}},"12":{"name":"(anonymous_12)","decl":{"start":{"line":106,"column":19},"end":{"line":106,"column":20}},"loc":{"start":{"line":106,"column":30},"end":{"line":106,"column":79}}},"13":{"name":"(anonymous_13)","decl":{"start":{"line":107,"column":21},"end":{"line":107,"column":22}},"loc":{"start":{"line":107,"column":27},"end":{"line":107,"column":71}}},"14":{"name":"(anonymous_14)","decl":{"start":{"line":108,"column":15},"end":{"line":108,"column":16}},"loc":{"start":{"line":108,"column":21},"end":{"line":108,"column":59}}},"15":{"name":"(anonymous_15)","decl":{"start":{"line":109,"column":15},"end":{"line":109,"column":16}},"loc":{"start":{"line":109,"column":21},"end":{"line":109,"column":59}}},"16":{"name":"(anonymous_16)","decl":{"start":{"line":110,"column":28},"end":{"line":110,"column":29}},"loc":{"start":{"line":110,"column":39},"end":{"line":110,"column":97}}},"17":{"name":"(anonymous_17)","decl":{"start":{"line":111,"column":30},"end":{"line":111,"column":31}},"loc":{"start":{"line":111,"column":36},"end":{"line":111,"column":89}}}},"branchMap":{"0":{"loc":{"start":{"line":4,"column":511},"end":{"line":4,"column":557}},"type":"cond-expr","locations":[{"start":{"line":4,"column":535},"end":{"line":4,"column":538}},{"start":{"line":4,"column":541},"end":{"line":4,"column":557}}]},"1":{"loc":{"start":{"line":4,"column":511},"end":{"line":4,"column":532}},"type":"binary-expr","locations":[{"start":{"line":4,"column":511},"end":{"line":4,"column":514}},{"start":{"line":4,"column":518},"end":{"line":4,"column":532}}]},"2":{"loc":{"start":{"line":7,"column":2},"end":{"line":99,"column":3}},"type":"if","locations":[{"start":{"line":7,"column":2},"end":{"line":99,"column":3}},{"start":{"line":7,"column":2},"end":{"line":99,"column":3}}]},"3":{"loc":{"start":{"line":9,"column":172},"end":{"line":9,"column":225}},"type":"cond-expr","locations":[{"start":{"line":9,"column":212},"end":{"line":9,"column":220}},{"start":{"line":9,"column":223},"end":{"line":9,"column":225}}]},"4":{"loc":{"start":{"line":17,"column":13},"end":{"line":19,"column":43}},"type":"cond-expr","locations":[{"start":{"line":18,"column":6},"end":{"line":18,"column":47}},{"start":{"line":19,"column":6},"end":{"line":19,"column":43}}]},"5":{"loc":{"start":{"line":46,"column":19},"end":{"line":46,"column":37}},"type":"binary-expr","locations":[{"start":{"line":46,"column":19},"end":{"line":46,"column":21}},{"start":{"line":46,"column":25},"end":{"line":46,"column":37}}]},"6":{"loc":{"start":{"line":51,"column":6},"end":{"line":55,"column":7}},"type":"if","locations":[{"start":{"line":51,"column":6},"end":{"line":55,"column":7}},{"start":{"line":51,"column":6},"end":{"line":55,"column":7}}]},"7":{"loc":{"start":{"line":53,"column":13},"end":{"line":55,"column":7}},"type":"if","locations":[{"start":{"line":53,"column":13},"end":{"line":55,"column":7}},{"start":{"line":53,"column":13},"end":{"line":55,"column":7}}]},"8":{"loc":{"start":{"line":57,"column":6},"end":{"line":62,"column":7}},"type":"if","locations":[{"start":{"line":57,"column":6},"end":{"line":62,"column":7}},{"start":{"line":57,"column":6},"end":{"line":62,"column":7}}]},"9":{"loc":{"start":{"line":59,"column":13},"end":{"line":62,"column":7}},"type":"if","locations":[{"start":{"line":59,"column":13},"end":{"line":62,"column":7}},{"start":{"line":59,"column":13},"end":{"line":62,"column":7}}]}},"s":{"0":0,"1":0,"2":0,"3":0,"4":0,"5":0,"6":0,"7":0,"8":0,"9":0,"10":0,"11":0,"12":0,"13":0,"14":0,"15":0,"16":0,"17":0,"18":0,"19":0,"20":0,"21":0,"22":0,"23":0,"24":0,"25":0,"26":0,"27":0,"28":0,"29":0,"30":0,"31":0,"32":0,"33":0,"34":0,"35":0,"36":0,"37":0,"38":0,"39":0,"40":0,"41":0,"42":0,"43":0,"44":0,"45":0,"46":0,"47":0,"48":0,"49":0,"50":0,"51":0,"52":0,"53":0,"54":0,"55":0,"56":0,"57":0,"58":0},"f":{"0":0,"1":0,"2":0,"3":0,"4":0,"5":0,"6":0,"7":0,"8":0,"9":0,"10":0,"11":0,"12":0,"13":0,"14":0,"15":0,"16":0,"17":0},"b":{"0":[0,0],"1":[0,0],"2":[0,0],"3":[0,0],"4":[0,0],"5":[0,0],"6":[0,0],"7":[0,0],"8":[0,0],"9":[0,0]}}
,"/Users/henry/Desktop/adsf/frontend/src/components/home/Home.js": {"path":"/Users/henry/Desktop/adsf/frontend/src/components/home/Home.js","statementMap":{"0":{"start":{"line":1,"column":39},"end":{"line":1,"column":101}},"1":{"start":{"line":1,"column":120},"end":{"line":1,"column":184}},"2":{"start":{"line":4,"column":167},"end":{"line":4,"column":221}},"3":{"start":{"line":6,"column":13},"end":{"line":10,"column":204}},"4":{"start":{"line":7,"column":26},"end":{"line":10,"column":204}}},"fnMap":{"0":{"name":"_interopRequireDefault","decl":{"start":{"line":4,"column":138},"end":{"line":4,"column":160}},"loc":{"start":{"line":4,"column":166},"end":{"line":4,"column":222}}},"1":{"name":"(anonymous_1)","decl":{"start":{"line":6,"column":13},"end":{"line":6,"column":14}},"loc":{"start":{"line":7,"column":26},"end":{"line":10,"column":204}}}},"branchMap":{"0":{"loc":{"start":{"line":4,"column":174},"end":{"line":4,"column":220}},"type":"cond-expr","locations":[{"start":{"line":4,"column":198},"end":{"line":4,"column":201}},{"start":{"line":4,"column":204},"end":{"line":4,"column":220}}]},"1":{"loc":{"start":{"line":4,"column":174},"end":{"line":4,"column":195}},"type":"binary-expr","locations":[{"start":{"line":4,"column":174},"end":{"line":4,"column":177}},{"start":{"line":4,"column":181},"end":{"line":4,"column":195}}]}},"s":{"0":0,"1":0,"2":0,"3":0,"4":0},"f":{"0":0,"1":0},"b":{"0":[0,0],"1":[0,0]}}
,"/Users/henry/Desktop/adsf/frontend/src/components/home/Home1.js": {"path":"/Users/henry/Desktop/adsf/frontend/src/components/home/Home1.js","statementMap":{"0":{"start":{"line":1,"column":39},"end":{"line":1,"column":101}},"1":{"start":{"line":1,"column":120},"end":{"line":1,"column":185}},"2":{"start":{"line":2,"column":190},"end":{"line":2,"column":244}},"3":{"start":{"line":4,"column":14},"end":{"line":30,"column":1}},"4":{"start":{"line":5,"column":2},"end":{"line":24,"column":266}}},"fnMap":{"0":{"name":"_interopRequireDefault","decl":{"start":{"line":2,"column":161},"end":{"line":2,"column":183}},"loc":{"start":{"line":2,"column":189},"end":{"line":2,"column":245}}},"1":{"name":"(anonymous_1)","decl":{"start":{"line":4,"column":14},"end":{"line":4,"column":15}},"loc":{"start":{"line":4,"column":20},"end":{"line":30,"column":1}}}},"branchMap":{"0":{"loc":{"start":{"line":2,"column":197},"end":{"line":2,"column":243}},"type":"cond-expr","locations":[{"start":{"line":2,"column":221},"end":{"line":2,"column":224}},{"start":{"line":2,"column":227},"end":{"line":2,"column":243}}]},"1":{"loc":{"start":{"line":2,"column":197},"end":{"line":2,"column":218}},"type":"binary-expr","locations":[{"start":{"line":2,"column":197},"end":{"line":2,"column":200}},{"start":{"line":2,"column":204},"end":{"line":2,"column":218}}]}},"s":{"0":0,"1":0,"2":0,"3":0,"4":0},"f":{"0":0,"1":0},"b":{"0":[0,0],"1":[0,0]}}
,"/Users/henry/Desktop/adsf/frontend/src/components/home/Home2.js": {"path":"/Users/henry/Desktop/adsf/frontend/src/components/home/Home2.js","statementMap":{"0":{"start":{"line":1,"column":39},"end":{"line":1,"column":101}},"1":{"start":{"line":1,"column":120},"end":{"line":1,"column":185}},"2":{"start":{"line":1,"column":352},"end":{"line":1,"column":406}},"3":{"start":{"line":4,"column":14},"end":{"line":24,"column":1}},"4":{"start":{"line":5,"column":2},"end":{"line":19,"column":366}}},"fnMap":{"0":{"name":"_interopRequireDefault","decl":{"start":{"line":1,"column":323},"end":{"line":1,"column":345}},"loc":{"start":{"line":1,"column":351},"end":{"line":1,"column":407}}},"1":{"name":"(anonymous_1)","decl":{"start":{"line":4,"column":14},"end":{"line":4,"column":15}},"loc":{"start":{"line":4,"column":20},"end":{"line":24,"column":1}}}},"branchMap":{"0":{"loc":{"start":{"line":1,"column":359},"end":{"line":1,"column":405}},"type":"cond-expr","locations":[{"start":{"line":1,"column":383},"end":{"line":1,"column":386}},{"start":{"line":1,"column":389},"end":{"line":1,"column":405}}]},"1":{"loc":{"start":{"line":1,"column":359},"end":{"line":1,"column":380}},"type":"binary-expr","locations":[{"start":{"line":1,"column":359},"end":{"line":1,"column":362}},{"start":{"line":1,"column":366},"end":{"line":1,"column":380}}]}},"s":{"0":0,"1":0,"2":0,"3":0,"4":0},"f":{"0":0,"1":0},"b":{"0":[0,0],"1":[0,0]}}
,"/Users/henry/Desktop/adsf/frontend/src/components/home/Home3.js": {"path":"/Users/henry/Desktop/adsf/frontend/src/components/home/Home3.js","statementMap":{"0":{"start":{"line":1,"column":39},"end":{"line":1,"column":101}},"1":{"start":{"line":1,"column":120},"end":{"line":1,"column":185}},"2":{"start":{"line":1,"column":352},"end":{"line":1,"column":406}},"3":{"start":{"line":4,"column":14},"end":{"line":24,"column":1}},"4":{"start":{"line":5,"column":2},"end":{"line":19,"column":540}}},"fnMap":{"0":{"name":"_interopRequireDefault","decl":{"start":{"line":1,"column":323},"end":{"line":1,"column":345}},"loc":{"start":{"line":1,"column":351},"end":{"line":1,"column":407}}},"1":{"name":"(anonymous_1)","decl":{"start":{"line":4,"column":14},"end":{"line":4,"column":15}},"loc":{"start":{"line":4,"column":20},"end":{"line":24,"column":1}}}},"branchMap":{"0":{"loc":{"start":{"line":1,"column":359},"end":{"line":1,"column":405}},"type":"cond-expr","locations":[{"start":{"line":1,"column":383},"end":{"line":1,"column":386}},{"start":{"line":1,"column":389},"end":{"line":1,"column":405}}]},"1":{"loc":{"start":{"line":1,"column":359},"end":{"line":1,"column":380}},"type":"binary-expr","locations":[{"start":{"line":1,"column":359},"end":{"line":1,"column":362}},{"start":{"line":1,"column":366},"end":{"line":1,"column":380}}]}},"s":{"0":0,"1":0,"2":0,"3":0,"4":0},"f":{"0":0,"1":0},"b":{"0":[0,0],"1":[0,0]}}
,"/Users/henry/Desktop/adsf/frontend/src/components/learning/Learning.js": {"path":"/Users/henry/Desktop/adsf/frontend/src/components/learning/Learning.js","statementMap":{"0":{"start":{"line":1,"column":39},"end":{"line":1,"column":101}},"1":{"start":{"line":1,"column":120},"end":{"line":1,"column":192}},"2":{"start":{"line":6,"column":17},"end":{"line":12,"column":1}},"3":{"start":{"line":7,"column":2},"end":{"line":9,"column":220}}},"fnMap":{"0":{"name":"(anonymous_0)","decl":{"start":{"line":6,"column":17},"end":{"line":6,"column":18}},"loc":{"start":{"line":6,"column":23},"end":{"line":12,"column":1}}}},"branchMap":{},"s":{"0":0,"1":0,"2":0,"3":0},"f":{"0":0},"b":{}}
,"/Users/henry/Desktop/adsf/frontend/src/components/learning/foldedCornerEffect/FoldedCornerEffect.js": {"path":"/Users/henry/Desktop/adsf/frontend/src/components/learning/foldedCornerEffect/FoldedCornerEffect.js","statementMap":{"0":{"start":{"line":1,"column":39},"end":{"line":1,"column":101}},"1":{"start":{"line":1,"column":120},"end":{"line":1,"column":221}},"2":{"start":{"line":4,"column":27},"end":{"line":11,"column":1}},"3":{"start":{"line":5,"column":2},"end":{"line":8,"column":276}}},"fnMap":{"0":{"name":"(anonymous_0)","decl":{"start":{"line":4,"column":27},"end":{"line":4,"column":28}},"loc":{"start":{"line":4,"column":33},"end":{"line":11,"column":1}}}},"branchMap":{},"s":{"0":0,"1":0,"2":0,"3":0},"f":{"0":0},"b":{}}
,"/Users/henry/Desktop/adsf/frontend/src/components/learning/slider/Slider.js": {"path":"/Users/henry/Desktop/adsf/frontend/src/components/learning/slider/Slider.js","statementMap":{"0":{"start":{"line":1,"column":39},"end":{"line":1,"column":101}},"1":{"start":{"line":1,"column":120},"end":{"line":1,"column":197}},"2":{"start":{"line":4,"column":15},"end":{"line":27,"column":240}},"3":{"start":{"line":5,"column":26},"end":{"line":27,"column":240}}},"fnMap":{"0":{"name":"(anonymous_0)","decl":{"start":{"line":4,"column":15},"end":{"line":4,"column":16}},"loc":{"start":{"line":5,"column":26},"end":{"line":27,"column":240}}}},"branchMap":{},"s":{"0":0,"1":0,"2":0,"3":0},"f":{"0":0},"b":{}}
,"/Users/henry/Desktop/adsf/frontend/src/components/learning/videoBackground/VideoBackground.js": {"path":"/Users/henry/Desktop/adsf/frontend/src/components/learning/videoBackground/VideoBackground.js","statementMap":{"0":{"start":{"line":1,"column":39},"end":{"line":1,"column":101}},"1":{"start":{"line":1,"column":120},"end":{"line":1,"column":215}},"2":{"start":{"line":6,"column":24},"end":{"line":8,"column":315}},"3":{"start":{"line":7,"column":26},"end":{"line":8,"column":315}}},"fnMap":{"0":{"name":"(anonymous_0)","decl":{"start":{"line":6,"column":24},"end":{"line":6,"column":25}},"loc":{"start":{"line":7,"column":26},"end":{"line":8,"column":315}}}},"branchMap":{},"s":{"0":0,"1":0,"2":0,"3":0},"f":{"0":0},"b":{}}
,"/Users/henry/Desktop/adsf/frontend/src/components/link/index.js": {"path":"/Users/henry/Desktop/adsf/frontend/src/components/link/index.js","statementMap":{"0":{"start":{"line":1,"column":39},"end":{"line":1,"column":101}},"1":{"start":{"line":1,"column":120},"end":{"line":1,"column":185}},"2":{"start":{"line":4,"column":13},"end":{"line":6,"column":240}},"3":{"start":{"line":10,"column":0},"end":{"line":13,"column":56}},"4":{"start":{"line":18,"column":14},"end":{"line":22,"column":21}}},"fnMap":{"0":{"name":"(anonymous_0)","decl":{"start":{"line":4,"column":13},"end":{"line":4,"column":14}},"loc":{"start":{"line":4,"column":76},"end":{"line":6,"column":240}}}},"branchMap":{},"s":{"0":0,"1":0,"2":0,"3":0,"4":0},"f":{"0":0},"b":{}}
,"/Users/henry/Desktop/adsf/frontend/src/components/login/Login.js": {"path":"/Users/henry/Desktop/adsf/frontend/src/components/login/Login.js","statementMap":{"0":{"start":{"line":1,"column":39},"end":{"line":1,"column":101}},"1":{"start":{"line":1,"column":120},"end":{"line":1,"column":186}},"2":{"start":{"line":2,"column":184},"end":{"line":2,"column":238}},"3":{"start":{"line":4,"column":14},"end":{"line":6,"column":208}},"4":{"start":{"line":5,"column":26},"end":{"line":6,"column":208}}},"fnMap":{"0":{"name":"_interopRequireDefault","decl":{"start":{"line":2,"column":155},"end":{"line":2,"column":177}},"loc":{"start":{"line":2,"column":183},"end":{"line":2,"column":239}}},"1":{"name":"(anonymous_1)","decl":{"start":{"line":4,"column":14},"end":{"line":4,"column":15}},"loc":{"start":{"line":5,"column":26},"end":{"line":6,"column":208}}}},"branchMap":{"0":{"loc":{"start":{"line":2,"column":191},"end":{"line":2,"column":237}},"type":"cond-expr","locations":[{"start":{"line":2,"column":215},"end":{"line":2,"column":218}},{"start":{"line":2,"column":221},"end":{"line":2,"column":237}}]},"1":{"loc":{"start":{"line":2,"column":191},"end":{"line":2,"column":212}},"type":"binary-expr","locations":[{"start":{"line":2,"column":191},"end":{"line":2,"column":194}},{"start":{"line":2,"column":198},"end":{"line":2,"column":212}}]}},"s":{"0":0,"1":0,"2":0,"3":0,"4":0},"f":{"0":0,"1":0},"b":{"0":[0,0],"1":[0,0]}}
,"/Users/henry/Desktop/adsf/frontend/src/components/login/LoginForm.js": {"path":"/Users/henry/Desktop/adsf/frontend/src/components/login/LoginForm.js","statementMap":{"0":{"start":{"line":1,"column":39},"end":{"line":1,"column":101}},"1":{"start":{"line":1,"column":120},"end":{"line":1,"column":190}},"2":{"start":{"line":11,"column":17},"end":{"line":24,"column":1}},"3":{"start":{"line":12,"column":17},"end":{"line":12,"column":19}},"4":{"start":{"line":13,"column":25},"end":{"line":13,"column":49}},"5":{"start":{"line":14,"column":2},"end":{"line":18,"column":5}},"6":{"start":{"line":15,"column":4},"end":{"line":17,"column":5}},"7":{"start":{"line":16,"column":6},"end":{"line":16,"column":33}},"8":{"start":{"line":19,"column":2},"end":{"line":21,"column":3}},"9":{"start":{"line":20,"column":4},"end":{"line":20,"column":43}},"10":{"start":{"line":23,"column":2},"end":{"line":23,"column":16}},"11":{"start":{"line":26,"column":20},"end":{"line":39,"column":1}},"12":{"start":{"line":27,"column":2},"end":{"line":37,"column":274}},"13":{"start":{"line":58,"column":36},"end":{"line":58,"column":93}},"14":{"start":{"line":58,"column":63},"end":{"line":58,"column":93}},"15":{"start":{"line":58,"column":126},"end":{"line":58,"column":181}},"16":{"start":{"line":58,"column":152},"end":{"line":58,"column":181}},"17":{"start":{"line":61,"column":81},"end":{"line":61,"column":91}},"18":{"start":{"line":63,"column":4},"end":{"line":74,"column":298}},"19":{"start":{"line":82,"column":0},"end":{"line":83,"column":82}},"20":{"start":{"line":86,"column":0},"end":{"line":87,"column":62}},"21":{"start":{"line":90,"column":0},"end":{"line":93,"column":11}},"22":{"start":{"line":95,"column":24},"end":{"line":96,"column":21}},"23":{"start":{"line":95,"column":34},"end":{"line":96,"column":20}},"24":{"start":{"line":99,"column":27},"end":{"line":100,"column":115}},"25":{"start":{"line":99,"column":40},"end":{"line":100,"column":114}},"26":{"start":{"line":100,"column":31},"end":{"line":100,"column":112}}},"fnMap":{"0":{"name":"(anonymous_0)","decl":{"start":{"line":11,"column":17},"end":{"line":11,"column":18}},"loc":{"start":{"line":11,"column":27},"end":{"line":24,"column":1}}},"1":{"name":"(anonymous_1)","decl":{"start":{"line":14,"column":25},"end":{"line":14,"column":26}},"loc":{"start":{"line":14,"column":34},"end":{"line":18,"column":3}}},"2":{"name":"(anonymous_2)","decl":{"start":{"line":26,"column":20},"end":{"line":26,"column":21}},"loc":{"start":{"line":26,"column":57},"end":{"line":39,"column":1}}},"3":{"name":"(anonymous_3)","decl":{"start":{"line":58,"column":14},"end":{"line":58,"column":15}},"loc":{"start":{"line":58,"column":35},"end":{"line":58,"column":94}}},"4":{"name":"(anonymous_4)","decl":{"start":{"line":58,"column":94},"end":{"line":58,"column":95}},"loc":{"start":{"line":58,"column":125},"end":{"line":58,"column":182}}},"5":{"name":"(anonymous_5)","decl":{"start":{"line":60,"column":2},"end":{"line":60,"column":3}},"loc":{"start":{"line":60,"column":11},"end":{"line":79,"column":3}}},"6":{"name":"(anonymous_6)","decl":{"start":{"line":95,"column":24},"end":{"line":95,"column":25}},"loc":{"start":{"line":95,"column":34},"end":{"line":96,"column":20}}},"7":{"name":"(anonymous_7)","decl":{"start":{"line":99,"column":27},"end":{"line":99,"column":28}},"loc":{"start":{"line":99,"column":40},"end":{"line":100,"column":114}}},"8":{"name":"(anonymous_8)","decl":{"start":{"line":100,"column":21},"end":{"line":100,"column":22}},"loc":{"start":{"line":100,"column":31},"end":{"line":100,"column":112}}}},"branchMap":{"0":{"loc":{"start":{"line":15,"column":4},"end":{"line":17,"column":5}},"type":"if","locations":[{"start":{"line":15,"column":4},"end":{"line":17,"column":5}},{"start":{"line":15,"column":4},"end":{"line":17,"column":5}}]},"1":{"loc":{"start":{"line":19,"column":2},"end":{"line":21,"column":3}},"type":"if","locations":[{"start":{"line":19,"column":2},"end":{"line":21,"column":3}},{"start":{"line":19,"column":2},"end":{"line":21,"column":3}}]},"2":{"loc":{"start":{"line":19,"column":6},"end":{"line":19,"column":85}},"type":"binary-expr","locations":[{"start":{"line":19,"column":6
[...]
,"/Users/henry/Desktop/adsf/frontend/src/utils/hundredArray.js": {"path":"/Users/henry/Desktop/adsf/frontend/src/utils/hundredArray.js","statementMap":{"0":{"start":{"line":1,"column":28},"end":{"line":7,"column":1}},"1":{"start":{"line":2,"column":14},"end":{"line":2,"column":16}},"2":{"start":{"line":3,"column":2},"end":{"line":5,"column":3}},"3":{"start":{"line":4,"column":4},"end":{"line":4,"column":17}},"4":{"start":{"line":6,"column":2},"end":{"line":6,"column":14}}},"fnMap":{"0":{"name":"(anonymous_0)","decl":{"start":{"line":1,"column":28},"end":{"line":1,"column":29}},"loc":{"start":{"line":1,"column":34},"end":{"line":7,"column":1}}}},"branchMap":{},"s":{"0":1,"1":1,"2":1,"3":99,"4":1},"f":{"0":1},"b":{},"_coverageSchema":"332fd63041d2c1bcb487cc26dd0d5f7d97098a6c","hash":"cbbc8190043699ea9af45fb1883d5aac5dbfd690"}
,"/Users/henry/Desktop/adsf/frontend/src/utils/index.js": {"path":"/Users/henry/Desktop/adsf/frontend/src/utils/index.js","statementMap":{"0":{"start":{"line":1,"column":39},"end":{"line":1,"column":101}},"1":{"start":{"line":1,"column":120},"end":{"line":1,"column":147}},"2":{"start":{"line":1,"column":148},"end":{"line":1,"column":269}},"3":{"start":{"line":1,"column":232},"end":{"line":1,"column":264}},"4":{"start":{"line":1,"column":346},"end":{"line":2,"column":29}},"5":{"start":{"line":1,"column":438},"end":{"line":2,"column":24}},"6":{"start":{"line":2,"column":605},"end":{"line":3,"column":18}},"7":{"start":{"line":2,"column":686},"end":{"line":3,"column":13}},"8":{"start":{"line":3,"column":109},"end":{"line":4,"column":31}},"9":{"start":{"line":3,"column":203},"end":{"line":4,"column":26}},"10":{"start":{"line":4,"column":122},"end":{"line":5,"column":31}},"11":{"start":{"line":4,"column":216},"end":{"line":5,"column":26}},"12":{"start":{"line":5,"column":114},"end":{"line":6,"column":27}},"13":{"start":{"line":5,"column":204},"end":{"line":6,"column":22}},"14":{"start":{"line":6,"column":100},"end":{"line":7,"column":22}},"15":{"start":{"line":6,"column":185},"end":{"line":7,"column":17}},"16":{"start":{"line":7,"column":93},"end":{"line":8,"column":21}},"17":{"start":{"line":7,"column":177},"end":{"line":8,"column":16}},"18":{"start":{"line":8,"column":94},"end":{"line":9,"column":22}},"19":{"start":{"line":8,"column":179},"end":{"line":9,"column":17}},"20":{"start":{"line":9,"column":117},"end":{"line":10,"column":33}},"21":{"start":{"line":9,"column":213},"end":{"line":10,"column":28}},"22":{"start":{"line":10,"column":132},"end":{"line":11,"column":35}},"23":{"start":{"line":10,"column":230},"end":{"line":11,"column":30}}},"fnMap":{"0":{"name":"(anonymous_0)","decl":{"start":{"line":1,"column":219},"end":{"line":1,"column":220}},"loc":{"start":{"line":1,"column":231},"end":{"line":1,"column":265}}},"1":{"name":"(anonymous_1)","decl":{"start":{"line":1,"column":425},"end":{"line":1,"column":426}},"loc":{"start":{"line":1,"column":437},"end":{"line":2,"column":25}}},"2":{"name":"(anonymous_2)","decl":{"start":{"line":2,"column":673},"end":{"line":2,"column":674}},"loc":{"start":{"line":2,"column":685},"end":{"line":3,"column":14}}},"3":{"name":"(anonymous_3)","decl":{"start":{"line":3,"column":190},"end":{"line":3,"column":191}},"loc":{"start":{"line":3,"column":202},"end":{"line":4,"column":27}}},"4":{"name":"(anonymous_4)","decl":{"start":{"line":4,"column":203},"end":{"line":4,"column":204}},"loc":{"start":{"line":4,"column":215},"end":{"line":5,"column":27}}},"5":{"name":"(anonymous_5)","decl":{"start":{"line":5,"column":191},"end":{"line":5,"column":192}},"loc":{"start":{"line":5,"column":203},"end":{"line":6,"column":23}}},"6":{"name":"(anonymous_6)","decl":{"start":{"line":6,"column":172},"end":{"line":6,"column":173}},"loc":{"start":{"line":6,"column":184},"end":{"line":7,"column":18}}},"7":{"name":"(anonymous_7)","decl":{"start":{"line":7,"column":164},"end":{"line":7,"column":165}},"loc":{"start":{"line":7,"column":176},"end":{"line":8,"column":17}}},"8":{"name":"(anonymous_8)","decl":{"start":{"line":8,"column":166},"end":{"line":8,"column":167}},"loc":{"start":{"line":8,"column":178},"end":{"line":9,"column":18}}},"9":{"name":"(anonymous_9)","decl":{"start":{"line":9,"column":200},"end":{"line":9,"column":201}},"loc":{"start":{"line":9,"column":212},"end":{"line":10,"column":29}}},"10":{"name":"(anonymous_10)","decl":{"start":{"line":10,"column":217},"end":{"line":10,"column":218}},"loc":{"start":{"line":10,"column":229},"end":{"line":11,"column":31}}}},"branchMap":{},"s":{"0":0,"1":0,"2":0,"3":0,"4":0,"5":0,"6":0,"7":0,"8":0,"9":0,"10":0,"11":0,"12":0,"13":0,"14":0,"15":0,"16":0,"17":0,"18":0,"19":0,"20":0,"21":0,"22":0,"23":0},"f":{"0":0,"1":0,"2":0,"3":0,"4":0,"5":0,"6":0,"7":0,"8":0,"9":0,"10":0},"b":{}}
,"/Users/henry/Desktop/adsf/frontend/src/utils/isTheProductInTheCart.js": {"path":"/Users/henry/Desktop/adsf/frontend/src/utils/isTheProductInTheCart.js","statementMap":{"0":{"start":{"line":7,"column":37},"end":{"line":12,"column":1}},"1":{"start":{"line":8,"column":2},"end":{"line":8,"column":36}},"2":{"start":{"line":8,"column":24},"end":{"line":8,"column":36}},"3":{"start":{"line":9,"column":2},"end":{"line":11,"column":4}},"4":{"start":{"line":10,"column":4},"end":{"line":10,"column":38}}},"fnMap":{"0":{"name":"(anonymous_0)","decl":{"start":{"line":7,"column":37},"end":{"line":7,"column":38}},"loc":{"start":{"line":7,"column":58},"end":{"line":12,"column":1}}},"1":{"name":"(anonymous_1)","decl":{"start":{"line":9,"column":19},"end":{"line":9,"column":20}},"loc":{"start":{"line":9,"column":24},"end":{"line":11,"column":3}}}},"branchMap":{"0":{"loc":{"start":{"line":8,"column":2},"end":{"line":8,"column":36}},"type":"if","locations":[{"start":{"line":8,"column":2},"end":{"line":8,"column":36}},{"start":{"line":8,"column":2},"end":{"line":8,"column":36}}]}},"s":{"0":1,"1":3,"2":1,"3":2,"4":4},"f":{"0":3,"1":4},"b":{"0":[1,2]},"_coverageSchema":"332fd63041d2c1bcb487cc26dd0d5f7d97098a6c","hash":"dd286e76683795d0fa2bfc8c06838ca78f461390"}
,"/Users/henry/Desktop/adsf/frontend/src/utils/routeNameFormatBackToLink.js": {"path":"/Users/henry/Desktop/adsf/frontend/src/utils/routeNameFormatBackToLink.js","statementMap":{"0":{"start":{"line":1,"column":41},"end":{"line":8,"column":1}},"1":{"start":{"line":2,"column":2},"end":{"line":2,"column":23}},"2":{"start":{"line":2,"column":12},"end":{"line":2,"column":23}},"3":{"start":{"line":3,"column":2},"end":{"line":3,"column":53}},"4":{"start":{"line":3,"column":28},"end":{"line":3,"column":53}},"5":{"start":{"line":4,"column":2},"end":{"line":7,"column":14}},"6":{"start":{"line":5,"column":4},"end":{"line":5,"column":63}},"7":{"start":{"line":5,"column":23},"end":{"line":5,"column":63}},"8":{"start":{"line":6,"column":4},"end":{"line":6,"column":26}}},"fnMap":{"0":{"name":"(anonymous_0)","decl":{"start":{"line":1,"column":41},"end":{"line":1,"column":42}},"loc":{"start":{"line":1,"column":51},"end":{"line":8,"column":1}}},"1":{"name":"(anonymous_1)","decl":{"start":{"line":4,"column":31},"end":{"line":4,"column":32}},"loc":{"start":{"line":4,"column":36},"end":{"line":7,"column":3}}}},"branchMap":{"0":{"loc":{"start":{"line":2,"column":2},"end":{"line":2,"column":23}},"type":"if","locations":[{"start":{"line":2,"column":2},"end":{"line":2,"column":23}},{"start":{"line":2,"column":2},"end":{"line":2,"column":23}}]},"1":{"loc":{"start":{"line":3,"column":2},"end":{"line":3,"column":53}},"type":"if","locations":[{"start":{"line":3,"column":2},"end":{"line":3,"column":53}},{"start":{"line":3,"column":2},"end":{"line":3,"column":53}}]},"2":{"loc":{"start":{"line":5,"column":4},"end":{"line":5,"column":63}},"type":"if","locations":[{"start":{"line":5,"column":4},"end":{"line":5,"column":63}},{"start":{"line":5,"column":4},"end":{"line":5,"column":63}}]}},"s":{"0":1,"1":3,"2":1,"3":2,"4":1,"5":1,"6":2,"7":2,"8":0},"f":{"0":3,"1":2},"b":{"0":[1,2],"1":[1,1],"2":[2,0]},"_coverageSchema":"332fd63041d2c1bcb487cc26dd0d5f7d97098a6c","hash":"22d0187e45f67987f11200fc4744fbdf0f784705"}
,"/Users/henry/Desktop/adsf/frontend/src/utils/routeParamsFormatToName.js": {"path":"/Users/henry/Desktop/adsf/frontend/src/utils/routeParamsFormatToName.js","statementMap":{"0":{"start":{"line":1,"column":20},"end":{"line":3,"column":1}},"1":{"start":{"line":2,"column":2},"end":{"line":2,"column":98}},"2":{"start":{"line":2,"column":40},"end":{"line":2,"column":97}},"3":{"start":{"line":5,"column":39},"end":{"line":13,"column":1}},"4":{"start":{"line":6,"column":2},"end":{"line":6,"column":24}},"5":{"start":{"line":6,"column":13},"end":{"line":6,"column":24}},"6":{"start":{"line":7,"column":2},"end":{"line":11,"column":18}},"7":{"start":{"line":8,"column":4},"end":{"line":11,"column":18}},"8":{"start":{"line":9,"column":6},"end":{"line":9,"column":64}},"9":{"start":{"line":9,"column":25},"end":{"line":9,"column":64}},"10":{"start":{"line":10,"column":6},"end":{"line":10,"column":27}},"11":{"start":{"line":12,"column":2},"end":{"line":12,"column":14}}},"fnMap":{"0":{"name":"(anonymous_0)","decl":{"start":{"line":1,"column":20},"end":{"line":1,"column":21}},"loc":{"start":{"line":1,"column":29},"end":{"line":3,"column":1}}},"1":{"name":"(anonymous_1)","decl":{"start":{"line":2,"column":31},"end":{"line":2,"column":32}},"loc":{"start":{"line":2,"column":40},"end":{"line":2,"column":97}}},"2":{"name":"(anonymous_2)","decl":{"start":{"line":5,"column":39},"end":{"line":5,"column":40}},"loc":{"start":{"line":5,"column":50},"end":{"line":13,"column":1}}},"3":{"name":"(anonymous_3)","decl":{"start":{"line":8,"column":32},"end":{"line":8,"column":33}},"loc":{"start":{"line":8,"column":37},"end":{"line":11,"column":5}}}},"branchMap":{"0":{"loc":{"start":{"line":6,"column":2},"end":{"line":6,"column":24}},"type":"if","locations":[{"start":{"line":6,"column":2},"end":{"line":6,"column":24}},{"start":{"line":6,"column":2},"end":{"line":6,"column":24}}]},"1":{"loc":{"start":{"line":7,"column":2},"end":{"line":11,"column":18}},"type":"if","locations":[{"start":{"line":7,"column":2},"end":{"line":11,"column":18}},{"start":{"line":7,"column":2},"end":{"line":11,"column":18}}]},"2":{"loc":{"start":{"line":9,"column":6},"end":{"line":9,"column":64}},"type":"if","locations":[{"start":{"line":9,"column":6},"end":{"line":9,"column":64}},{"start":{"line":9,"column":6},"end":{"line":9,"column":64}}]}},"s":{"0":1,"1":3,"2":3,"3":1,"4":3,"5":1,"6":2,"7":2,"8":3,"9":3,"10":0,"11":0},"f":{"0":3,"1":3,"2":3,"3":3},"b":{"0":[1,2],"1":[2,0],"2":[3,0]},"_coverageSchema":"332fd63041d2c1bcb487cc26dd0d5f7d97098a6c","hash":"63f5faaf6990d36cc5b959923ee71fd1d2a1fc86"}
,"/Users/henry/Desktop/adsf/frontend/src/utils/scrollTo.js": {"path":"/Users/henry/Desktop/adsf/frontend/src/utils/scrollTo.js","statementMap":{"0":{"start":{"line":1,"column":39},"end":{"line":1,"column":101}},"1":{"start":{"line":1,"column":144},"end":{"line":78,"column":1}},"2":{"start":{"line":3,"column":18},"end":{"line":42,"column":7}},"3":{"start":{"line":5,"column":6},"end":{"line":5,"column":15}},"4":{"start":{"line":8,"column":6},"end":{"line":8,"column":19}},"5":{"start":{"line":11,"column":6},"end":{"line":11,"column":25}},"6":{"start":{"line":14,"column":6},"end":{"line":14,"column":56}},"7":{"start":{"line":17,"column":6},"end":{"line":17,"column":23}},"8":{"start":{"line":20,"column":6},"end":{"line":20,"column":29}},"9":{"start":{"line":23,"column":6},"end":{"line":23,"column":79}},"10":{"start":{"line":26,"column":6},"end":{"line":26,"column":27}},"11":{"start":{"line":29,"column":6},"end":{"line":29,"column":33}},"12":{"start":{"line":32,"column":6},"end":{"line":32,"column":67}},"13":{"start":{"line":35,"column":6},"end":{"line":35,"column":31}},"14":{"start":{"line":38,"column":6},"end":{"line":38,"column":37}},"15":{"start":{"line":41,"column":6},"end":{"line":41,"column":77}},"16":{"start":{"line":48,"column":4},"end":{"line":48,"column":44}},"17":{"start":{"line":49,"column":17},"end":{"line":49,"column":100}},"18":{"start":{"line":50,"column":4},"end":{"line":50,"column":44}},"19":{"start":{"line":51,"column":4},"end":{"line":51,"column":16}},"20":{"start":{"line":54,"column":15},"end":{"line":54,"column":26}},"21":{"start":{"line":55,"column":16},"end":{"line":55,"column":30}},"22":{"start":{"line":56,"column":20},"end":{"line":56,"column":30}},"23":{"start":{"line":61,"column":25},"end":{"line":61,"column":206}},"24":{"start":{"line":62,"column":23},"end":{"line":62,"column":139}},"25":{"start":{"line":63,"column":22},"end":{"line":63,"column":123}},"26":{"start":{"line":66,"column":16},"end":{"line":66,"column":26}},"27":{"start":{"line":67,"column":17},"end":{"line":67,"column":58}},"28":{"start":{"line":68,"column":25},"end":{"line":68,"column":46}},"29":{"start":{"line":69,"column":4},"end":{"line":69,"column":66}},"30":{"start":{"line":71,"column":4},"end":{"line":74,"column":5}},"31":{"start":{"line":72,"column":6},"end":{"line":72,"column":17}},"32":{"start":{"line":73,"column":6},"end":{"line":73,"column":13}},"33":{"start":{"line":75,"column":4},"end":{"line":75,"column":34}},"34":{"start":{"line":77,"column":2},"end":{"line":77,"column":11}}},"fnMap":{"0":{"name":"(anonymous_0)","decl":{"start":{"line":1,"column":163},"end":{"line":1,"column":164}},"loc":{"start":{"line":1,"column":182},"end":{"line":78,"column":1}}},"1":{"name":"checkBody","decl":{"start":{"line":47,"column":11},"end":{"line":47,"column":20}},"loc":{"start":{"line":47,"column":23},"end":{"line":52,"column":3}}},"2":{"name":"scroll","decl":{"start":{"line":65,"column":11},"end":{"line":65,"column":17}},"loc":{"start":{"line":65,"column":20},"end":{"line":76,"column":3}}}},"branchMap":{"0":{"loc":{"start":{"line":14,"column":13},"end":{"line":14,"column":55}},"type":"cond-expr","locations":[{"start":{"line":14,"column":23},"end":{"line":14,"column":32}},{"start":{"line":14,"column":35},"end":{"line":14,"column":55}}]},"1":{"loc":{"start":{"line":23,"column":13},"end":{"line":23,"column":78}},"type":"cond-expr","locations":[{"start":{"line":23,"column":23},"end":{"line":23,"column":36}},{"start":{"line":23,"column":39},"end":{"line":23,"column":78}}]},"2":{"loc":{"start":{"line":32,"column":13},"end":{"line":32,"column":66}},"type":"cond-expr","locations":[{"start":{"line":32,"column":23},"end":{"line":32,"column":40}},{"start":{"line":32,"column":43},"end":{"line":32,"column":66}}]},"3":{"loc":{"start":{"line":41,"column":13},"end":{"line":41,"column":76}},"type":"cond-expr","locations":[{"start":{"line":41,"column":23},"end":{"line":41,"column":45}},{"start":{"line":41,"column":48},"end":{"line":41,"column":76}}]},"4":{"loc":{"start":{"line":49,"column":17},"end":{"line":49,"column":100}},"type":"cond-expr","locations":[{"start":{"line":49,"column":60},"end":{"line":49,"column":84}},{"start":{"line":49,"column":87},"end":{"line":49,"column":100}}]},"5":{"loc":{"start":{"line":62,"column":23},"end":{"line":62,"column":139}},"type":"binary-expr","locations":[{"start":{"line":62,"column":23},"end":{"line":62,"column":41}},{"start":{"line":62,"column":45},"end":{"line":62,"column":82}},{"start":{"line":62,"column":86},"end":{"line":62,"column":139}}]},"6":{"loc":{"start":{"line":63,"column":22},"end":{"line":63,"column":123}},"type":"cond-expr","locations":[{"start":{"line":63,"column":74},"end":{"line":63,"column":103}},{"start":{"line":63,"column":106},"end":{"line":63,"column":123}}]},"7":{"loc":{"start":{"line":71,"column":4},"end":{"line":74,"column":5}},"type":"if","locations":[{"start":{"line":71,"column":4},"end":{"line":74,"column":5}},{"start":{"line":71,"column":4},"end":{"line":74,"column":5}}]}},"s":{"0":0,"1":0,"2":0,"3":0,"4":0,"5":0,"6":0,"7":0,"8":0,"9":0,"10":0,"11":0,"12":0,"13":0,"14":0,"15":0,"16":0,"17":0,"18":0,"19":0,"20":0,"21":0,"22":0,"23":0,"24":0,"25":0,"26":0,"27":0,"28":0,"29":0,"30":0,"31":0,"32":0,"33":0,"34":0},"f":{"0":0,"1":0,"2":0},"b":{"0":[0,0],"1":[0,0],"2":[0,0],"3":[0,0],"4":[0,0],"5":[0,0,0],"6":[0,0],"7":[0,0]}}
,"/Users/henry/Desktop/adsf/frontend/src/utils/setAuthorizationToken.js": {"path":"/Users/henry/Desktop/adsf/frontend/src/utils/setAuthorizationToken.js","statementMap":{"0":{"start":{"line":4,"column":2},"end":{"line":8,"column":3}},"1":{"start":{"line":5,"column":4},"end":{"line":5,"column":53}},"2":{"start":{"line":7,"column":4},"end":{"line":7,"column":52}}},"fnMap":{"0":{"name":"setAuthorizationToken","decl":{"start":{"line":3,"column":16},"end":{"line":3,"column":37}},"loc":{"start":{"line":3,"column":45},"end":{"line":9,"column":1}}}},"branchMap":{"0":{"loc":{"start":{"line":4,"column":2},"end":{"line":8,"column":3}},"type":"if","locations":[{"start":{"line":4,"column":2},"end":{"line":8,"column":3}},{"start":{"line":4,"column":2},"end":{"line":8,"column":3}}]}},"s":{"0":2,"1":1,"2":1},"f":{"0":2},"b":{"0":[1,1]},"_coverageSchema":"332fd63041d2c1bcb487cc26dd0d5f7d97098a6c","hash":"c52ad5264010e02ab3985f4a2a96e065ae0f6baf"}
,"/Users/henry/Desktop/adsf/frontend/src/utils/signRequest.js": {"path":"/Users/henry/Desktop/adsf/frontend/src/utils/signRequest.js","statementMap":{"0":{"start":{"line":1,"column":27},"end":{"line":6,"column":2}},"1":{"start":{"line":1,"column":35},"end":{"line":6,"column":1}}},"fnMap":{"0":{"name":"(anonymous_0)","decl":{"start":{"line":1,"column":27},"end":{"line":1,"column":28}},"loc":{"start":{"line":1,"column":35},"end":{"line":6,"column":1}}}},"branchMap":{},"s":{"0":1,"1":1},"f":{"0":1},"b":{},"_coverageSchema":"332fd63041d2c1bcb487cc26dd0d5f7d97098a6c","hash":"83039c7d0f0d96db04cc37ac5aa759019f3de051"}
,"/Users/henry/Desktop/adsf/frontend/src/utils/sliceContent.js": {"path":"/Users/henry/Desktop/adsf/frontend/src/utils/sliceContent.js","statementMap":{"0":{"start":{"line":1,"column":28},"end":{"line":5,"column":1}},"1":{"start":{"line":2,"column":2},"end":{"line":2,"column":46}},"2":{"start":{"line":2,"column":34},"end":{"line":2,"column":46}},"3":{"start":{"line":3,"column":2},"end":{"line":3,"column":64}},"4":{"start":{"line":3,"column":27},"end":{"line":3,"column":64}},"5":{"start":{"line":4,"column":2},"end":{"line":4,"column":16}}},"fnMap":{"0":{"name":"(anonymous_0)","decl":{"start":{"line":1,"column":28},"end":{"line":1,"column":29}},"loc":{"start":{"line":1,"column":46},"end":{"line":5,"column":1}}}},"branchMap":{"0":{"loc":{"start":{"line":2,"column":2},"end":{"line":2,"column":46}},"type":"if","locations":[{"start":{"line":2,"column":2},"end":{"line":2,"column":46}},{"start":{"line":2,"column":2},"end":{"line":2,"column":46}}]},"1":{"loc":{"start":{"line":3,"column":2},"end":{"line":3,"column":64}},"type":"if","locations":[{"start":{"line":3,"column":2},"end":{"line":3,"column":64}},{"start":{"line":3,"column":2},"end":{"line":3,"column":64}}]}},"s":{"0":1,"1":3,"2":1,"3":2,"4":1,"5":1},"f":{"0":3},"b":{"0":[1,2],"1":[1,1]},"_coverageSchema":"332fd63041d2c1bcb487cc26dd0d5f7d97098a6c","hash":"f57edd680abb879558384abb32cba492b990c2b9"}
,"/Users/henry/Desktop/adsf/frontend/src/utils/data/index.js": {"path":"/Users/henry/Desktop/adsf/frontend/src/utils/data/index.js","statementMap":{"0":{"start":{"line":1,"column":39},"end":{"line":1,"column":101}},"1":{"start":{"line":1,"column":118},"end":{"line":1,"column":140}},"2":{"start":{"line":1,"column":141},"end":{"line":1,"column":256}},"3":{"start":{"line":1,"column":223},"end":{"line":1,"column":251}}},"fnMap":{"0":{"name":"(anonymous_0)","decl":{"start":{"line":1,"column":210},"end":{"line":1,"column":211}},"loc":{"start":{"line":1,"column":222},"end":{"line":1,"column":252}}}},"branchMap":{},"s":{"0":0,"1":0,"2":0,"3":0},"f":{"0":0},"b":{}}
,"/Users/henry/Desktop/adsf/frontend/src/utils/data/stateData.js": {"path":"/Users/henry/Desktop/adsf/frontend/src/utils/data/stateData.js","statementMap":{"0":{"start":{"line":1,"column":39},"end":{"line":1,"column":101}},"1":{"start":{"line":1,"column":145},"end":{"line":60,"column":21}}},"fnMap":{},"branchMap":{},"s":{"0":0,"1":0},"f":{},"b":{}}
}
